{"D:\\HW\\CS3601\\CS3604\\Ticket_Management\\frontend\\src\\index.tsx": {"path":"D:\\HW\\CS3601\\CS3604\\Ticket_Management\\frontend\\src\\index.tsx","all":false,"statementMap":{"0":{"start":{"line":1,"column":0},"end":{"line":1,"column":51}},"1":{"start":{"line":2,"column":0},"end":{"line":2,"column":40}},"2":{"start":{"line":3,"column":0},"end":{"line":3,"column":21}},"3":{"start":{"line":4,"column":0},"end":{"line":4,"column":54}},"4":{"start":{"line":5,"column":0},"end":{"line":5,"column":53}},"5":{"start":{"line":6,"column":0},"end":{"line":6,"column":38}},"6":{"start":{"line":7,"column":0},"end":{"line":7,"column":0}},"7":{"start":{"line":8,"column":0},"end":{"line":8,"column":19}},"8":{"start":{"line":9,"column":0},"end":{"line":9,"column":57}},"9":{"start":{"line":10,"column":0},"end":{"line":10,"column":19}},"10":{"start":{"line":11,"column":0},"end":{"line":11,"column":26}},"11":{"start":{"line":12,"column":0},"end":{"line":12,"column":43}},"12":{"start":{"line":13,"column":0},"end":{"line":13,"column":43}},"13":{"start":{"line":14,"column":0},"end":{"line":14,"column":51}},"14":{"start":{"line":15,"column":0},"end":{"line":15,"column":61}},"15":{"start":{"line":16,"column":0},"end":{"line":16,"column":51}},"16":{"start":{"line":17,"column":0},"end":{"line":17,"column":22}},"17":{"start":{"line":18,"column":0},"end":{"line":18,"column":53}},"18":{"start":{"line":19,"column":0},"end":{"line":19,"column":9}},"19":{"start":{"line":20,"column":0},"end":{"line":20,"column":7}},"20":{"start":{"line":21,"column":0},"end":{"line":21,"column":36}},"21":{"start":{"line":22,"column":0},"end":{"line":22,"column":6}},"22":{"start":{"line":23,"column":0},"end":{"line":23,"column":50}},"23":{"start":{"line":24,"column":0},"end":{"line":24,"column":13}},"24":{"start":{"line":25,"column":0},"end":{"line":25,"column":66}},"25":{"start":{"line":26,"column":0},"end":{"line":26,"column":9}},"26":{"start":{"line":27,"column":0},"end":{"line":27,"column":34}},"27":{"start":{"line":28,"column":0},"end":{"line":28,"column":61}},"28":{"start":{"line":29,"column":0},"end":{"line":29,"column":55}},"29":{"start":{"line":30,"column":0},"end":{"line":30,"column":18}},"30":{"start":{"line":31,"column":0},"end":{"line":31,"column":1}},"31":{"start":{"line":32,"column":0},"end":{"line":32,"column":0}},"32":{"start":{"line":33,"column":0},"end":{"line":33,"column":61}},"33":{"start":{"line":34,"column":0},"end":{"line":34,"column":20}},"34":{"start":{"line":35,"column":0},"end":{"line":35,"column":14}},"35":{"start":{"line":36,"column":0},"end":{"line":36,"column":21}},"36":{"start":{"line":37,"column":0},"end":{"line":37,"column":2}}},"s":{"0":1,"1":1,"2":1,"3":1,"4":1,"5":1,"6":1,"7":32,"8":32,"9":32,"10":6,"11":16,"12":16,"13":5,"14":5,"15":5,"16":5,"17":1,"18":1,"19":5,"20":16,"21":16,"22":6,"23":6,"24":6,"25":32,"26":32,"27":32,"28":24,"29":32,"30":32,"31":1,"32":1,"33":1,"34":1,"35":1,"36":1},"branchMap":{"0":{"type":"branch","line":8,"loc":{"start":{"line":8,"column":0},"end":{"line":31,"column":1}},"locations":[{"start":{"line":8,"column":0},"end":{"line":31,"column":1}}]},"1":{"type":"branch","line":28,"loc":{"start":{"line":28,"column":41},"end":{"line":28,"column":61}},"locations":[{"start":{"line":28,"column":41},"end":{"line":28,"column":61}}]},"2":{"type":"branch","line":28,"loc":{"start":{"line":28,"column":48},"end":{"line":29,"column":55}},"locations":[{"start":{"line":28,"column":48},"end":{"line":29,"column":55}}]},"3":{"type":"branch","line":29,"loc":{"start":{"line":29,"column":40},"end":{"line":29,"column":55}},"locations":[{"start":{"line":29,"column":40},"end":{"line":29,"column":55}}]},"4":{"type":"branch","line":10,"loc":{"start":{"line":10,"column":12},"end":{"line":26,"column":5}},"locations":[{"start":{"line":10,"column":12},"end":{"line":26,"column":5}}]},"5":{"type":"branch","line":11,"loc":{"start":{"line":11,"column":19},"end":{"line":22,"column":6}},"locations":[{"start":{"line":11,"column":19},"end":{"line":22,"column":6}}]},"6":{"type":"branch","line":12,"loc":{"start":{"line":12,"column":32},"end":{"line":12,"column":43}},"locations":[{"start":{"line":12,"column":32},"end":{"line":12,"column":43}}]},"7":{"type":"branch","line":13,"loc":{"start":{"line":13,"column":42},"end":{"line":20,"column":7}},"locations":[{"start":{"line":13,"column":42},"end":{"line":20,"column":7}}]},"8":{"type":"branch","line":17,"loc":{"start":{"line":17,"column":21},"end":{"line":19,"column":9}},"locations":[{"start":{"line":17,"column":21},"end":{"line":19,"column":9}}]},"9":{"type":"branch","line":25,"loc":{"start":{"line":25,"column":11},"end":{"line":25,"column":66}},"locations":[{"start":{"line":25,"column":11},"end":{"line":25,"column":66}}]}},"b":{"0":[32],"1":[8],"2":[24],"3":[12],"4":[6],"5":[16],"6":[3],"7":[5],"8":[1],"9":[3]},"fnMap":{"0":{"name":"Router","decl":{"start":{"line":8,"column":0},"end":{"line":31,"column":1}},"loc":{"start":{"line":8,"column":0},"end":{"line":31,"column":1}},"line":8},"1":{"name":"onHash","decl":{"start":{"line":11,"column":19},"end":{"line":22,"column":6}},"loc":{"start":{"line":11,"column":19},"end":{"line":22,"column":6}},"line":11}},"f":{"0":32,"1":16}}
,"D:\\HW\\CS3601\\CS3604\\Ticket_Management\\frontend\\src\\components\\CancelSuccessModal.tsx": {"path":"D:\\HW\\CS3601\\CS3604\\Ticket_Management\\frontend\\src\\components\\CancelSuccessModal.tsx","all":false,"statementMap":{"0":{"start":{"line":1,"column":0},"end":{"line":1,"column":26}},"1":{"start":{"line":2,"column":0},"end":{"line":2,"column":0}},"2":{"start":{"line":3,"column":0},"end":{"line":3,"column":46}},"3":{"start":{"line":4,"column":0},"end":{"line":4,"column":10}},"4":{"start":{"line":5,"column":0},"end":{"line":5,"column":9}},"5":{"start":{"line":6,"column":0},"end":{"line":6,"column":23}},"6":{"start":{"line":7,"column":0},"end":{"line":7,"column":25}},"7":{"start":{"line":8,"column":0},"end":{"line":8,"column":10}},"8":{"start":{"line":9,"column":0},"end":{"line":9,"column":4}},"9":{"start":{"line":10,"column":0},"end":{"line":10,"column":1}}},"s":{"0":1,"1":1,"2":1,"3":1,"4":1,"5":1,"6":1,"7":1,"8":1,"9":1},"branchMap":{"0":{"type":"branch","line":3,"loc":{"start":{"line":3,"column":0},"end":{"line":10,"column":1}},"locations":[{"start":{"line":3,"column":0},"end":{"line":10,"column":1}}]}},"b":{"0":[1]},"fnMap":{"0":{"name":"CancelSuccessModal","decl":{"start":{"line":3,"column":0},"end":{"line":10,"column":1}},"loc":{"start":{"line":3,"column":0},"end":{"line":10,"column":1}},"line":3}},"f":{"0":1}}
,"D:\\HW\\CS3601\\CS3604\\Ticket_Management\\frontend\\src\\components\\OrderFilling.tsx": {"path":"D:\\HW\\CS3601\\CS3604\\Ticket_Management\\frontend\\src\\components\\OrderFilling.tsx","all":false,"statementMap":{"0":{"start":{"line":1,"column":0},"end":{"line":1,"column":51}},"1":{"start":{"line":2,"column":0},"end":{"line":2,"column":54}},"2":{"start":{"line":3,"column":0},"end":{"line":3,"column":42}},"3":{"start":{"line":4,"column":0},"end":{"line":4,"column":22}},"4":{"start":{"line":5,"column":0},"end":{"line":5,"column":0}},"5":{"start":{"line":6,"column":0},"end":{"line":6,"column":40}},"6":{"start":{"line":7,"column":0},"end":{"line":7,"column":108}},"7":{"start":{"line":8,"column":0},"end":{"line":8,"column":165}},"8":{"start":{"line":9,"column":0},"end":{"line":9,"column":56}},"9":{"start":{"line":10,"column":0},"end":{"line":10,"column":58}},"10":{"start":{"line":11,"column":0},"end":{"line":11,"column":53}},"11":{"start":{"line":12,"column":0},"end":{"line":12,"column":59}},"12":{"start":{"line":13,"column":0},"end":{"line":13,"column":65}},"13":{"start":{"line":14,"column":0},"end":{"line":14,"column":57}},"14":{"start":{"line":15,"column":0},"end":{"line":15,"column":61}},"15":{"start":{"line":16,"column":0},"end":{"line":16,"column":0}},"16":{"start":{"line":17,"column":0},"end":{"line":17,"column":73}},"17":{"start":{"line":18,"column":0},"end":{"line":18,"column":42}},"18":{"start":{"line":19,"column":0},"end":{"line":19,"column":28}},"19":{"start":{"line":20,"column":0},"end":{"line":20,"column":32}},"20":{"start":{"line":21,"column":0},"end":{"line":21,"column":43}},"21":{"start":{"line":22,"column":0},"end":{"line":22,"column":7}},"22":{"start":{"line":23,"column":0},"end":{"line":23,"column":52}},"23":{"start":{"line":24,"column":0},"end":{"line":24,"column":84}},"24":{"start":{"line":25,"column":0},"end":{"line":25,"column":0}},"25":{"start":{"line":26,"column":0},"end":{"line":26,"column":48}},"26":{"start":{"line":27,"column":0},"end":{"line":27,"column":55}},"27":{"start":{"line":28,"column":0},"end":{"line":28,"column":52}},"28":{"start":{"line":29,"column":0},"end":{"line":29,"column":54}},"29":{"start":{"line":30,"column":0},"end":{"line":30,"column":0}},"30":{"start":{"line":31,"column":0},"end":{"line":31,"column":19}},"31":{"start":{"line":32,"column":0},"end":{"line":32,"column":37}},"32":{"start":{"line":33,"column":0},"end":{"line":33,"column":67}},"33":{"start":{"line":34,"column":0},"end":{"line":34,"column":104}},"34":{"start":{"line":35,"column":0},"end":{"line":35,"column":36}},"35":{"start":{"line":36,"column":0},"end":{"line":36,"column":0}},"36":{"start":{"line":37,"column":0},"end":{"line":37,"column":46}},"37":{"start":{"line":38,"column":0},"end":{"line":38,"column":11}},"38":{"start":{"line":39,"column":0},"end":{"line":39,"column":87}},"39":{"start":{"line":40,"column":0},"end":{"line":40,"column":54}},"40":{"start":{"line":41,"column":0},"end":{"line":41,"column":11}},"41":{"start":{"line":42,"column":0},"end":{"line":42,"column":19}},"42":{"start":{"line":43,"column":0},"end":{"line":43,"column":38}},"43":{"start":{"line":44,"column":0},"end":{"line":44,"column":90}},"44":{"start":{"line":45,"column":0},"end":{"line":45,"column":22}},"45":{"start":{"line":46,"column":0},"end":{"line":46,"column":9}},"46":{"start":{"line":47,"column":0},"end":{"line":47,"column":20}},"47":{"start":{"line":48,"column":0},"end":{"line":48,"column":19}},"48":{"start":{"line":49,"column":0},"end":{"line":49,"column":6}},"49":{"start":{"line":50,"column":0},"end":{"line":50,"column":0}},"50":{"start":{"line":51,"column":0},"end":{"line":51,"column":39}},"51":{"start":{"line":52,"column":0},"end":{"line":52,"column":25}},"52":{"start":{"line":53,"column":0},"end":{"line":53,"column":23}},"53":{"start":{"line":54,"column":0},"end":{"line":54,"column":11}},"54":{"start":{"line":55,"column":0},"end":{"line":55,"column":50}},"55":{"start":{"line":56,"column":0},"end":{"line":56,"column":99}},"56":{"start":{"line":57,"column":0},"end":{"line":57,"column":89}},"57":{"start":{"line":58,"column":0},"end":{"line":58,"column":55}},"58":{"start":{"line":59,"column":0},"end":{"line":59,"column":11}},"59":{"start":{"line":60,"column":0},"end":{"line":60,"column":20}},"60":{"start":{"line":61,"column":0},"end":{"line":61,"column":39}},"61":{"start":{"line":62,"column":0},"end":{"line":62,"column":47}},"62":{"start":{"line":63,"column":0},"end":{"line":63,"column":61}},"63":{"start":{"line":64,"column":0},"end":{"line":64,"column":43}},"64":{"start":{"line":65,"column":0},"end":{"line":65,"column":27}},"65":{"start":{"line":66,"column":0},"end":{"line":66,"column":33}},"66":{"start":{"line":67,"column":0},"end":{"line":67,"column":68}},"67":{"start":{"line":68,"column":0},"end":{"line":68,"column":46}},"68":{"start":{"line":69,"column":0},"end":{"line":69,"column":119}},"69":{"start":{"line":70,"column":0},"end":{"line":70,"column":21}},"70":{"start":{"line":71,"column":0},"end":{"line":71,"column":51}},"71":{"start":{"line":72,"column":0},"end":{"line":72,"column":16}},"72":{"start":{"line":73,"column":0},"end":{"line":73,"column":32}},"73":{"start":{"line":74,"column":0},"end":{"line":74,"column":11}},"74":{"start":{"line":75,"column":0},"end":{"line":75,"column":16}},"75":{"start":{"line":76,"column":0},"end":{"line":76,"column":41}},"76":{"start":{"line":77,"column":0},"end":{"line":77,"column":9}},"77":{"start":{"line":78,"column":0},"end":{"line":78,"column":19}},"78":{"start":{"line":79,"column":0},"end":{"line":79,"column":51}},"79":{"start":{"line":80,"column":0},"end":{"line":80,"column":43}},"80":{"start":{"line":81,"column":0},"end":{"line":81,"column":56}},"81":{"start":{"line":82,"column":0},"end":{"line":82,"column":168}},"82":{"start":{"line":83,"column":0},"end":{"line":83,"column":17}},"83":{"start":{"line":84,"column":0},"end":{"line":84,"column":28}},"84":{"start":{"line":85,"column":0},"end":{"line":85,"column":7}},"85":{"start":{"line":86,"column":0},"end":{"line":86,"column":6}},"86":{"start":{"line":87,"column":0},"end":{"line":87,"column":0}},"87":{"start":{"line":88,"column":0},"end":{"line":88,"column":60}},"88":{"start":{"line":89,"column":0},"end":{"line":89,"column":52}},"89":{"start":{"line":90,"column":0},"end":{"line":90,"column":0}},"90":{"start":{"line":91,"column":0},"end":{"line":91,"column":18}},"91":{"start":{"line":92,"column":0},"end":{"line":92,"column":53}},"92":{"start":{"line":93,"column":0},"end":{"line":93,"column":36}},"93":{"start":{"line":94,"column":0},"end":{"line":94,"column":29}},"94":{"start":{"line":95,"column":0},"end":{"line":95,"column":7}},"95":{"start":{"line":96,"column":0},"end":{"line":96,"column":6}},"96":{"start":{"line":97,"column":0},"end":{"line":97,"column":28}},"97":{"start":{"line":98,"column":0},"end":{"line":98,"column":9}},"98":{"start":{"line":99,"column":0},"end":{"line":99,"column":9}},"99":{"start":{"line":100,"column":0},"end":{"line":100,"column":0}},"100":{"start":{"line":101,"column":0},"end":{"line":101,"column":31}},"101":{"start":{"line":102,"column":0},"end":{"line":102,"column":42}},"102":{"start":{"line":103,"column":0},"end":{"line":103,"column":40}},"103":{"start":{"line":104,"column":0},"end":{"line":104,"column":5}},"104":{"start":{"line":105,"column":0},"end":{"line":105,"column":4}},"105":{"start":{"line":106,"column":0},"end":{"line":106,"column":0}},"106":{"start":{"line":107,"column":0},"end":{"line":107,"column":32}},"107":{"start":{"line":108,"column":0},"end":{"line":108,"column":34}},"108":{"start":{"line":109,"column":0},"end":{"line":109,"column":27}},"109":{"start":{"line":110,"column":0},"end":{"line":110,"column":13}},"110":{"start":{"line":111,"column":0},"end":{"line":111,"column":5}},"111":{"start":{"line":112,"column":0},"end":{"line":112,"column":19}},"112":{"start":{"line":113,"column":0},"end":{"line":113,"column":25}},"113":{"start":{"line":114,"column":0},"end":{"line":114,"column":4}},"114":{"start":{"line":115,"column":0},"end":{"line":115,"column":0}},"115":{"start":{"line":116,"column":0},"end":{"line":116,"column":35}},"116":{"start":{"line":117,"column":0},"end":{"line":117,"column":26}},"117":{"start":{"line":118,"column":0},"end":{"line":118,"column":24}},"118":{"start":{"line":119,"column":0},"end":{"line":119,"column":22}},"119":{"start":{"line":120,"column":0},"end":{"line":120,"column":4}},"120":{"start":{"line":121,"column":0},"end":{"line":121,"column":0}},"121":{"start":{"line":122,"column":0},"end":{"line":122,"column":61}},"122":{"start":{"line":123,"column":0},"end":{"line":123,"column":23}},"123":{"start":{"line":124,"column":0},"end":{"line":124,"column":46}},"124":{"start":{"line":125,"column":0},"end":{"line":125,"column":9}},"125":{"start":{"line":126,"column":0},"end":{"line":126,"column":74}},"126":{"start":{"line":127,"column":0},"end":{"line":127,"column":23}},"127":{"start":{"line":128,"column":0},"end":{"line":128,"column":56}},"128":{"start":{"line":129,"column":0},"end":{"line":129,"column":30}},"129":{"start":{"line":130,"column":0},"end":{"line":130,"column":28}},"130":{"start":{"line":131,"column":0},"end":{"line":131,"column":34}},"131":{"start":{"line":132,"column":0},"end":{"line":132,"column":30}},"132":{"start":{"line":133,"column":0},"end":{"line":133,"column":10}},"133":{"start":{"line":134,"column":0},"end":{"line":134,"column":9}},"134":{"start":{"line":135,"column":0},"end":{"line":135,"column":6}},"135":{"start":{"line":136,"column":0},"end":{"line":136,"column":19}},"136":{"start":{"line":137,"column":0},"end":{"line":137,"column":38}},"137":{"start":{"line":138,"column":0},"end":{"line":138,"column":47}},"138":{"start":{"line":139,"column":0},"end":{"line":139,"column":39}},"139":{"start":{"line":140,"column":0},"end":{"line":140,"column":27}},"140":{"start":{"line":141,"column":0},"end":{"line":141,"column":22}},"141":{"start":{"line":142,"column":0},"end":{"line":142,"column":38}},"142":{"start":{"line":143,"column":0},"end":{"line":143,"column":14}},"143":{"start":{"line":144,"column":0},"end":{"line":144,"column":32}},"144":{"start":{"line":145,"column":0},"end":{"line":145,"column":27}},"145":{"start":{"line":146,"column":0},"end":{"line":146,"column":7}},"146":{"start":{"line":147,"column":0},"end":{"line":147,"column":17}},"147":{"start":{"line":148,"column":0},"end":{"line":148,"column":25}},"148":{"start":{"line":149,"column":0},"end":{"line":149,"column":25}},"149":{"start":{"line":150,"column":0},"end":{"line":150,"column":5}},"150":{"start":{"line":151,"column":0},"end":{"line":151,"column":4}},"151":{"start":{"line":152,"column":0},"end":{"line":152,"column":0}},"152":{"start":{"line":153,"column":0},"end":{"line":153,"column":48}},"153":{"start":{"line":154,"column":0},"end":{"line":154,"column":19}},"154":{"start":{"line":155,"column":0},"end":{"line":155,"column":9}},"155":{"start":{"line":156,"column":0},"end":{"line":156,"column":75}},"156":{"start":{"line":157,"column":0},"end":{"line":157,"column":44}},"157":{"start":{"line":158,"column":0},"end":{"line":158,"column":52}},"158":{"start":{"line":159,"column":0},"end":{"line":159,"column":6}},"159":{"start":{"line":160,"column":0},"end":{"line":160,"column":25}},"160":{"start":{"line":161,"column":0},"end":{"line":161,"column":26}},"161":{"start":{"line":162,"column":0},"end":{"line":162,"column":32}},"162":{"start":{"line":163,"column":0},"end":{"line":163,"column":34}},"163":{"start":{"line":164,"column":0},"end":{"line":164,"column":30}},"164":{"start":{"line":165,"column":0},"end":{"line":165,"column":31}},"165":{"start":{"line":166,"column":0},"end":{"line":166,"column":46}},"166":{"start":{"line":167,"column":0},"end":{"line":167,"column":38}},"167":{"start":{"line":168,"column":0},"end":{"line":168,"column":32}},"168":{"start":{"line":169,"column":0},"end":{"line":169,"column":39}},"169":{"start":{"line":170,"column":0},"end":{"line":170,"column":11}},"170":{"start":{"line":171,"column":0},"end":{"line":171,"column":8}},"171":{"start":{"line":172,"column":0},"end":{"line":172,"column":74}},"172":{"start":{"line":173,"column":0},"end":{"line":173,"column":6}},"173":{"start":{"line":174,"column":0},"end":{"line":174,"column":70}},"174":{"start":{"line":175,"column":0},"end":{"line":175,"column":23}},"175":{"start":{"line":176,"column":0},"end":{"line":176,"column":18}},"176":{"start":{"line":177,"column":0},"end":{"line":177,"column":45}},"177":{"start":{"line":178,"column":0},"end":{"line":178,"column":42}},"178":{"start":{"line":179,"column":0},"end":{"line":179,"column":10}},"179":{"start":{"line":180,"column":0},"end":{"line":180,"column":39}},"180":{"start":{"line":181,"column":0},"end":{"line":181,"column":9}},"181":{"start":{"line":182,"column":0},"end":{"line":182,"column":6}},"182":{"start":{"line":183,"column":0},"end":{"line":183,"column":54}},"183":{"start":{"line":184,"column":0},"end":{"line":184,"column":6}},"184":{"start":{"line":185,"column":0},"end":{"line":185,"column":31}},"185":{"start":{"line":186,"column":0},"end":{"line":186,"column":49}},"186":{"start":{"line":187,"column":0},"end":{"line":187,"column":93}},"187":{"start":{"line":188,"column":0},"end":{"line":188,"column":14}},"188":{"start":{"line":189,"column":0},"end":{"line":189,"column":29}},"189":{"start":{"line":190,"column":0},"end":{"line":190,"column":7}},"190":{"start":{"line":191,"column":0},"end":{"line":191,"column":17}},"191":{"start":{"line":192,"column":0},"end":{"line":192,"column":25}},"192":{"start":{"line":193,"column":0},"end":{"line":193,"column":5}},"193":{"start":{"line":194,"column":0},"end":{"line":194,"column":4}},"194":{"start":{"line":195,"column":0},"end":{"line":195,"column":0}},"195":{"start":{"line":196,"column":0},"end":{"line":196,"column":39}},"196":{"start":{"line":197,"column":0},"end":{"line":197,"column":66}},"197":{"start":{"line":198,"column":0},"end":{"line":198,"column":79}},"198":{"start":{"line":199,"column":0},"end":{"line":199,"column":12}},"199":{"start":{"line":200,"column":0},"end":{"line":200,"column":40}},"200":{"start":{"line":201,"column":0},"end":{"line":201,"column":5}},"201":{"start":{"line":202,"column":0},"end":{"line":202,"column":4}},"202":{"start":{"line":203,"column":0},"end":{"line":203,"column":0}},"203":{"start":{"line":204,"column":0},"end":{"line":204,"column":10}},"204":{"start":{"line":205,"column":0},"end":{"line":205,"column":40}},"205":{"start":{"line":206,"column":0},"end":{"line":206,"column":30}},"206":{"start":{"line":207,"column":0},"end":{"line":207,"column":21}},"207":{"start":{"line":208,"column":0},"end":{"line":208,"column":12}},"208":{"start":{"line":209,"column":0},"end":{"line":209,"column":6}},"209":{"start":{"line":210,"column":0},"end":{"line":210,"column":34}},"210":{"start":{"line":211,"column":0},"end":{"line":211,"column":29}},"211":{"start":{"line":212,"column":0},"end":{"line":212,"column":60}},"212":{"start":{"line":213,"column":0},"end":{"line":213,"column":12}},"213":{"start":{"line":214,"column":0},"end":{"line":214,"column":0}},"214":{"start":{"line":215,"column":0},"end":{"line":215,"column":43}},"215":{"start":{"line":216,"column":0},"end":{"line":216,"column":40}},"216":{"start":{"line":217,"column":0},"end":{"line":217,"column":26}},"217":{"start":{"line":218,"column":0},"end":{"line":218,"column":37}},"218":{"start":{"line":219,"column":0},"end":{"line":219,"column":93}},"219":{"start":{"line":220,"column":0},"end":{"line":220,"column":51}},"220":{"start":{"line":221,"column":0},"end":{"line":221,"column":25}},"221":{"start":{"line":222,"column":0},"end":{"line":222,"column":139}},"222":{"start":{"line":223,"column":0},"end":{"line":223,"column":18}},"223":{"start":{"line":224,"column":0},"end":{"line":224,"column":14}},"224":{"start":{"line":225,"column":0},"end":{"line":225,"column":39}},"225":{"start":{"line":226,"column":0},"end":{"line":226,"column":30}},"226":{"start":{"line":227,"column":0},"end":{"line":227,"column":65}},"227":{"start":{"line":228,"column":0},"end":{"line":228,"column":21}},"228":{"start":{"line":229,"column":0},"end":{"line":229,"column":32}},"229":{"start":{"line":230,"column":0},"end":{"line":230,"column":83}},"230":{"start":{"line":231,"column":0},"end":{"line":231,"column":51}},"231":{"start":{"line":232,"column":0},"end":{"line":232,"column":16}},"232":{"start":{"line":233,"column":0},"end":{"line":233,"column":45}},"233":{"start":{"line":234,"column":0},"end":{"line":234,"column":20}},"234":{"start":{"line":235,"column":0},"end":{"line":235,"column":13}},"235":{"start":{"line":236,"column":0},"end":{"line":236,"column":14}},"236":{"start":{"line":237,"column":0},"end":{"line":237,"column":12}},"237":{"start":{"line":238,"column":0},"end":{"line":238,"column":0}},"238":{"start":{"line":239,"column":0},"end":{"line":239,"column":59}},"239":{"start":{"line":240,"column":0},"end":{"line":240,"column":0}},"240":{"start":{"line":241,"column":0},"end":{"line":241,"column":31}},"241":{"start":{"line":242,"column":0},"end":{"line":242,"column":72}},"242":{"start":{"line":243,"column":0},"end":{"line":243,"column":12}},"243":{"start":{"line":244,"column":0},"end":{"line":244,"column":0}},"244":{"start":{"line":245,"column":0},"end":{"line":245,"column":23}},"245":{"start":{"line":246,"column":0},"end":{"line":246,"column":22}},"246":{"start":{"line":247,"column":0},"end":{"line":247,"column":34}},"247":{"start":{"line":248,"column":0},"end":{"line":248,"column":49}},"248":{"start":{"line":249,"column":0},"end":{"line":249,"column":10}},"249":{"start":{"line":250,"column":0},"end":{"line":250,"column":8}},"250":{"start":{"line":251,"column":0},"end":{"line":251,"column":0}},"251":{"start":{"line":252,"column":0},"end":{"line":252,"column":20}},"252":{"start":{"line":253,"column":0},"end":{"line":253,"column":28}},"253":{"start":{"line":254,"column":0},"end":{"line":254,"column":27}},"254":{"start":{"line":255,"column":0},"end":{"line":255,"column":33}},"255":{"start":{"line":256,"column":0},"end":{"line":256,"column":44}},"256":{"start":{"line":257,"column":0},"end":{"line":257,"column":39}},"257":{"start":{"line":258,"column":0},"end":{"line":258,"column":45}},"258":{"start":{"line":259,"column":0},"end":{"line":259,"column":10}},"259":{"start":{"line":260,"column":0},"end":{"line":260,"column":8}},"260":{"start":{"line":261,"column":0},"end":{"line":261,"column":10}},"261":{"start":{"line":262,"column":0},"end":{"line":262,"column":4}},"262":{"start":{"line":263,"column":0},"end":{"line":263,"column":1}}},"s":{"0":1,"1":1,"2":1,"3":1,"4":1,"5":25,"6":25,"7":25,"8":25,"9":25,"10":25,"11":25,"12":25,"13":25,"14":25,"15":25,"16":25,"17":25,"18":25,"19":25,"20":25,"21":25,"22":25,"23":25,"24":25,"25":25,"26":25,"27":25,"28":25,"29":25,"30":25,"31":9,"32":9,"33":9,"34":9,"35":9,"36":9,"37":17,"38":17,"39":17,"40":17,"41":17,"42":1,"43":1,"44":1,"45":1,"46":17,"47":16,"48":17,"49":9,"50":9,"51":9,"52":9,"53":9,"54":9,"55":9,"56":9,"57":9,"58":9,"59":9,"60":1,"61":1,"62":1,"63":1,"64":1,"65":1,"66":1,"67":1,"68":1,"69":0,"70":1,"71":1,"72":1,"73":1,"74":1,"75":1,"76":1,"77":9,"78":8,"79":8,"80":8,"81":8,"82":9,"83":9,"84":9,"85":9,"86":9,"87":9,"88":9,"89":9,"90":9,"91":9,"92":9,"93":8,"94":8,"95":9,"96":9,"97":9,"98":25,"99":25,"100":25,"101":0,"102":0,"103":0,"104":0,"105":25,"106":25,"107":2,"108":1,"109":1,"110":1,"111":1,"112":1,"113":2,"114":25,"115":25,"116":1,"117":1,"118":1,"119":1,"120":25,"121":25,"122":1,"123":1,"124":1,"125":1,"126":1,"127":1,"128":1,"129":1,"130":1,"131":1,"132":1,"133":1,"134":1,"135":1,"136":1,"137":1,"138":1,"139":1,"140":1,"141":1,"142":1,"143":0,"144":0,"145":0,"146":1,"147":0,"148":0,"149":0,"150":1,"151":25,"152":25,"153":1,"154":1,"155":1,"156":1,"157":1,"158":1,"159":1,"160":1,"161":1,"162":1,"163":1,"164":1,"165":1,"166":2,"167":2,"168":2,"169":1,"170":1,"171":1,"172":1,"173":1,"174":1,"175":1,"176":1,"177":1,"178":1,"179":1,"180":1,"181":1,"182":1,"183":1,"184":1,"185":1,"186":1,"187":1,"188":0,"189":0,"190":1,"191":0,"192":0,"193":1,"194":25,"195":25,"196":1,"197":0,"198":1,"199":1,"200":1,"201":1,"202":25,"203":25,"204":25,"205":25,"206":25,"207":25,"208":25,"209":25,"210":25,"211":25,"212":25,"213":25,"214":25,"215":25,"216":25,"217":25,"218":25,"219":25,"220":25,"221":25,"222":25,"223":25,"224":25,"225":25,"226":25,"227":25,"228":25,"229":25,"230":25,"231":25,"232":25,"233":25,"234":25,"235":25,"236":25,"237":25,"238":25,"239":25,"240":25,"241":25,"242":25,"243":25,"244":25,"245":1,"246":1,"247":1,"248":1,"249":25,"250":25,"251":25,"252":1,"253":1,"254":1,"255":1,"256":1,"257":1,"258":1,"259":25,"260":25,"261":25,"262":25},"branchMap":{"0":{"type":"branch","line":6,"loc":{"start":{"line":6,"column":0},"end":{"line":263,"column":1}},"locations":[{"start":{"line":6,"column":0},"end":{"line":263,"column":1}}]},"1":{"type":"branch","line":18,"loc":{"start":{"line":18,"column":31},"end":{"line":18,"column":42}},"locations":[{"start":{"line":18,"column":31},"end":{"line":18,"column":42}}]},"2":{"type":"branch","line":26,"loc":{"start":{"line":26,"column":36},"end":{"line":26,"column":48}},"locations":[{"start":{"line":26,"column":36},"end":{"line":26,"column":48}}]},"3":{"type":"branch","line":220,"loc":{"start":{"line":220,"column":21},"end":{"line":220,"column":44}},"locations":[{"start":{"line":220,"column":21},"end":{"line":220,"column":44}}]},"4":{"type":"branch","line":220,"loc":{"start":{"line":220,"column":33},"end":{"line":220,"column":51}},"locations":[{"start":{"line":220,"column":33},"end":{"line":220,"column":51}}]},"5":{"type":"branch","line":222,"loc":{"start":{"line":222,"column":17},"end":{"line":222,"column":139}},"locations":[{"start":{"line":222,"column":17},"end":{"line":222,"column":139}}]},"6":{"type":"branch","line":239,"loc":{"start":{"line":239,"column":7},"end":{"line":239,"column":59}},"locations":[{"start":{"line":239,"column":7},"end":{"line":239,"column":59}}]},"7":{"type":"branch","line":245,"loc":{"start":{"line":245,"column":7},"end":{"line":249,"column":10}},"locations":[{"start":{"line":245,"column":7},"end":{"line":249,"column":10}}]},"8":{"type":"branch","line":252,"loc":{"start":{"line":252,"column":7},"end":{"line":259,"column":10}},"locations":[{"start":{"line":252,"column":7},"end":{"line":259,"column":10}}]},"9":{"type":"branch","line":19,"loc":{"start":{"line":19,"column":21},"end":{"line":22,"column":5}},"locations":[{"start":{"line":19,"column":21},"end":{"line":22,"column":5}}]},"10":{"type":"branch","line":21,"loc":{"start":{"line":21,"column":16},"end":{"line":21,"column":40}},"locations":[{"start":{"line":21,"column":16},"end":{"line":21,"column":40}}]},"11":{"type":"branch","line":21,"loc":{"start":{"line":21,"column":36},"end":{"line":21,"column":43}},"locations":[{"start":{"line":21,"column":36},"end":{"line":21,"column":43}}]},"12":{"type":"branch","line":24,"loc":{"start":{"line":24,"column":19},"end":{"line":24,"column":84}},"locations":[{"start":{"line":24,"column":19},"end":{"line":24,"column":84}}]},"13":{"type":"branch","line":24,"loc":{"start":{"line":24,"column":56},"end":{"line":24,"column":84}},"locations":[{"start":{"line":24,"column":56},"end":{"line":24,"column":84}}]},"14":{"type":"branch","line":31,"loc":{"start":{"line":31,"column":12},"end":{"line":99,"column":5}},"locations":[{"start":{"line":31,"column":12},"end":{"line":99,"column":5}}]},"15":{"type":"branch","line":33,"loc":{"start":{"line":33,"column":59},"end":{"line":33,"column":67}},"locations":[{"start":{"line":33,"column":59},"end":{"line":33,"column":67}}]},"16":{"type":"branch","line":34,"loc":{"start":{"line":34,"column":18},"end":{"line":34,"column":104}},"locations":[{"start":{"line":34,"column":18},"end":{"line":34,"column":104}}]},"17":{"type":"branch","line":35,"loc":{"start":{"line":35,"column":10},"end":{"line":35,"column":36}},"locations":[{"start":{"line":35,"column":10},"end":{"line":35,"column":36}}]},"18":{"type":"branch","line":37,"loc":{"start":{"line":37,"column":21},"end":{"line":49,"column":6}},"locations":[{"start":{"line":37,"column":21},"end":{"line":49,"column":6}}]},"19":{"type":"branch","line":41,"loc":{"start":{"line":41,"column":9},"end":{"line":42,"column":18}},"locations":[{"start":{"line":41,"column":9},"end":{"line":42,"column":18}}]},"20":{"type":"branch","line":42,"loc":{"start":{"line":42,"column":18},"end":{"line":46,"column":9}},"locations":[{"start":{"line":42,"column":18},"end":{"line":46,"column":9}}]},"21":{"type":"branch","line":47,"loc":{"start":{"line":47,"column":6},"end":{"line":47,"column":20}},"locations":[{"start":{"line":47,"column":6},"end":{"line":47,"column":20}}]},"22":{"type":"branch","line":47,"loc":{"start":{"line":47,"column":19},"end":{"line":48,"column":19}},"locations":[{"start":{"line":47,"column":19},"end":{"line":48,"column":19}}]},"23":{"type":"branch","line":51,"loc":{"start":{"line":51,"column":26},"end":{"line":86,"column":6}},"locations":[{"start":{"line":51,"column":26},"end":{"line":86,"column":6}}]},"24":{"type":"branch","line":59,"loc":{"start":{"line":59,"column":9},"end":{"line":60,"column":19}},"locations":[{"start":{"line":59,"column":9},"end":{"line":60,"column":19}}]},"25":{"type":"branch","line":60,"loc":{"start":{"line":60,"column":19},"end":{"line":77,"column":9}},"locations":[{"start":{"line":60,"column":19},"end":{"line":77,"column":9}}]},"26":{"type":"branch","line":78,"loc":{"start":{"line":78,"column":6},"end":{"line":83,"column":8}},"locations":[{"start":{"line":78,"column":6},"end":{"line":83,"column":8}}]},"27":{"type":"branch","line":63,"loc":{"start":{"line":63,"column":47},"end":{"line":72,"column":14}},"locations":[{"start":{"line":63,"column":47},"end":{"line":72,"column":14}}]},"28":{"type":"branch","line":69,"loc":{"start":{"line":69,"column":102},"end":{"line":69,"column":119}},"locations":[{"start":{"line":69,"column":102},"end":{"line":69,"column":119}}]},"29":{"type":"branch","line":69,"loc":{"start":{"line":69,"column":108},"end":{"line":70,"column":21}},"locations":[{"start":{"line":69,"column":108},"end":{"line":70,"column":21}}]},"30":{"type":"branch","line":82,"loc":{"start":{"line":82,"column":20},"end":{"line":82,"column":166}},"locations":[{"start":{"line":82,"column":20},"end":{"line":82,"column":166}}]},"31":{"type":"branch","line":82,"loc":{"start":{"line":82,"column":46},"end":{"line":82,"column":166}},"locations":[{"start":{"line":82,"column":46},"end":{"line":82,"column":166}}]},"32":{"type":"branch","line":91,"loc":{"start":{"line":91,"column":5},"end":{"line":98,"column":7}},"locations":[{"start":{"line":91,"column":5},"end":{"line":98,"column":7}}]},"33":{"type":"branch","line":93,"loc":{"start":{"line":93,"column":35},"end":{"line":95,"column":7}},"locations":[{"start":{"line":93,"column":35},"end":{"line":95,"column":7}}]},"34":{"type":"branch","line":107,"loc":{"start":{"line":107,"column":19},"end":{"line":114,"column":4}},"locations":[{"start":{"line":107,"column":19},"end":{"line":114,"column":4}}]},"35":{"type":"branch","line":108,"loc":{"start":{"line":108,"column":33},"end":{"line":113,"column":25}},"locations":[{"start":{"line":108,"column":33},"end":{"line":113,"column":25}}]},"36":{"type":"branch","line":116,"loc":{"start":{"line":116,"column":22},"end":{"line":120,"column":4}},"locations":[{"start":{"line":116,"column":22},"end":{"line":120,"column":4}}]},"37":{"type":"branch","line":122,"loc":{"start":{"line":122,"column":28},"end":{"line":151,"column":4}},"locations":[{"start":{"line":122,"column":28},"end":{"line":151,"column":4}}]},"38":{"type":"branch","line":139,"loc":{"start":{"line":139,"column":26},"end":{"line":139,"column":37}},"locations":[{"start":{"line":139,"column":26},"end":{"line":139,"column":37}}]},"39":{"type":"branch","line":142,"loc":{"start":{"line":142,"column":25},"end":{"line":142,"column":36}},"locations":[{"start":{"line":142,"column":25},"end":{"line":142,"column":36}}]},"40":{"type":"branch","line":143,"loc":{"start":{"line":143,"column":6},"end":{"line":146,"column":7}},"locations":[{"start":{"line":143,"column":6},"end":{"line":146,"column":7}}]},"41":{"type":"branch","line":147,"loc":{"start":{"line":147,"column":4},"end":{"line":150,"column":5}},"locations":[{"start":{"line":147,"column":4},"end":{"line":150,"column":5}}]},"42":{"type":"branch","line":153,"loc":{"start":{"line":153,"column":22},"end":{"line":194,"column":4}},"locations":[{"start":{"line":153,"column":22},"end":{"line":194,"column":4}}]},"43":{"type":"branch","line":156,"loc":{"start":{"line":156,"column":51},"end":{"line":156,"column":75}},"locations":[{"start":{"line":156,"column":51},"end":{"line":156,"column":75}}]},"44":{"type":"branch","line":157,"loc":{"start":{"line":157,"column":25},"end":{"line":157,"column":44}},"locations":[{"start":{"line":157,"column":25},"end":{"line":157,"column":44}}]},"45":{"type":"branch","line":186,"loc":{"start":{"line":186,"column":29},"end":{"line":186,"column":49}},"locations":[{"start":{"line":186,"column":29},"end":{"line":186,"column":49}}]},"46":{"type":"branch","line":188,"loc":{"start":{"line":188,"column":6},"end":{"line":190,"column":7}},"locations":[{"start":{"line":188,"column":6},"end":{"line":190,"column":7}}]},"47":{"type":"branch","line":191,"loc":{"start":{"line":191,"column":4},"end":{"line":193,"column":5}},"locations":[{"start":{"line":191,"column":4},"end":{"line":193,"column":5}}]},"48":{"type":"branch","line":166,"loc":{"start":{"line":166,"column":35},"end":{"line":170,"column":10}},"locations":[{"start":{"line":166,"column":35},"end":{"line":170,"column":10}}]},"49":{"type":"branch","line":196,"loc":{"start":{"line":196,"column":26},"end":{"line":202,"column":4}},"locations":[{"start":{"line":196,"column":26},"end":{"line":202,"column":4}}]},"50":{"type":"branch","line":197,"loc":{"start":{"line":197,"column":65},"end":{"line":199,"column":11}},"locations":[{"start":{"line":197,"column":65},"end":{"line":199,"column":11}}]},"51":{"type":"branch","line":226,"loc":{"start":{"line":226,"column":24},"end":{"line":234,"column":20}},"locations":[{"start":{"line":226,"column":24},"end":{"line":234,"column":20}}]},"52":{"type":"branch","line":230,"loc":{"start":{"line":230,"column":43},"end":{"line":230,"column":81}},"locations":[{"start":{"line":230,"column":43},"end":{"line":230,"column":81}}]},"53":{"type":"branch","line":231,"loc":{"start":{"line":231,"column":26},"end":{"line":231,"column":51}},"locations":[{"start":{"line":231,"column":26},"end":{"line":231,"column":51}}]}},"b":{"0":[25],"1":[15],"2":[17],"3":[3],"4":[22],"5":[6],"6":[3],"7":[1],"8":[1],"9":[25],"10":[10],"11":[15],"12":[109],"13":[101],"14":[9],"15":[3],"16":[0],"17":[3],"18":[17],"19":[9],"20":[1],"21":[12],"22":[16],"23":[9],"24":[4],"25":[1],"26":[8],"27":[1],"28":[0],"29":[0],"30":[10],"31":[0],"32":[9],"33":[8],"34":[2],"35":[1],"36":[1],"37":[1],"38":[0],"39":[0],"40":[0],"41":[0],"42":[1],"43":[0],"44":[0],"45":[0],"46":[0],"47":[0],"48":[2],"49":[1],"50":[0],"51":[25],"52":[4],"53":[1]},"fnMap":{"0":{"name":"OrderFilling","decl":{"start":{"line":6,"column":0},"end":{"line":263,"column":1}},"loc":{"start":{"line":6,"column":0},"end":{"line":263,"column":1}},"line":6},"1":{"name":"getParam","decl":{"start":{"line":24,"column":19},"end":{"line":24,"column":84}},"loc":{"start":{"line":24,"column":19},"end":{"line":24,"column":84}},"line":24},"2":{"name":"tryFetch","decl":{"start":{"line":37,"column":21},"end":{"line":49,"column":6}},"loc":{"start":{"line":37,"column":21},"end":{"line":49,"column":6}},"line":37},"3":{"name":"fetchContacts","decl":{"start":{"line":51,"column":26},"end":{"line":86,"column":6}},"loc":{"start":{"line":51,"column":26},"end":{"line":86,"column":6}},"line":51},"4":{"name":"handleRefresh","decl":{"start":{"line":101,"column":24},"end":{"line":105,"column":4}},"loc":{"start":{"line":101,"column":24},"end":{"line":105,"column":4}},"line":101},"5":{"name":"lockSeat","decl":{"start":{"line":107,"column":19},"end":{"line":114,"column":4}},"loc":{"start":{"line":107,"column":19},"end":{"line":114,"column":4}},"line":107},"6":{"name":"confirmLock","decl":{"start":{"line":116,"column":22},"end":{"line":120,"column":4}},"loc":{"start":{"line":116,"column":22},"end":{"line":120,"column":4}},"line":116},"7":{"name":"handleSeatConfirm","decl":{"start":{"line":122,"column":28},"end":{"line":151,"column":4}},"loc":{"start":{"line":122,"column":28},"end":{"line":151,"column":4}},"line":122},"8":{"name":"submitOrder","decl":{"start":{"line":153,"column":22},"end":{"line":194,"column":4}},"loc":{"start":{"line":153,"column":22},"end":{"line":194,"column":4}},"line":153},"9":{"name":"togglePassenger","decl":{"start":{"line":196,"column":26},"end":{"line":202,"column":4}},"loc":{"start":{"line":196,"column":26},"end":{"line":202,"column":4}},"line":196},"10":{"name":"onChange","decl":{"start":{"line":231,"column":26},"end":{"line":231,"column":51}},"loc":{"start":{"line":231,"column":26},"end":{"line":231,"column":51}},"line":231},"11":{"name":"onCancel","decl":{"start":{"line":248,"column":20},"end":{"line":248,"column":49}},"loc":{"start":{"line":248,"column":20},"end":{"line":248,"column":49}},"line":248},"12":{"name":"onCancel","decl":{"start":{"line":258,"column":20},"end":{"line":258,"column":45}},"loc":{"start":{"line":258,"column":20},"end":{"line":258,"column":45}},"line":258}},"f":{"0":25,"1":109,"2":17,"3":9,"4":0,"5":2,"6":1,"7":1,"8":1,"9":1,"10":1,"11":0,"12":0}}
,"D:\\HW\\CS3601\\CS3604\\Ticket_Management\\frontend\\src\\components\\SeatSelectionModal.tsx": {"path":"D:\\HW\\CS3601\\CS3604\\Ticket_Management\\frontend\\src\\components\\SeatSelectionModal.tsx","all":false,"statementMap":{"0":{"start":{"line":1,"column":0},"end":{"line":1,"column":51}},"1":{"start":{"line":2,"column":0},"end":{"line":2,"column":0}},"2":{"start":{"line":3,"column":0},"end":{"line":3,"column":14}},"3":{"start":{"line":4,"column":0},"end":{"line":4,"column":18}},"4":{"start":{"line":5,"column":0},"end":{"line":5,"column":21}},"5":{"start":{"line":6,"column":0},"end":{"line":6,"column":25}},"6":{"start":{"line":7,"column":0},"end":{"line":7,"column":44}},"7":{"start":{"line":8,"column":0},"end":{"line":8,"column":23}},"8":{"start":{"line":9,"column":0},"end":{"line":9,"column":2}},"9":{"start":{"line":10,"column":0},"end":{"line":10,"column":0}},"10":{"start":{"line":11,"column":0},"end":{"line":11,"column":113}},"11":{"start":{"line":12,"column":0},"end":{"line":12,"column":53}},"12":{"start":{"line":13,"column":0},"end":{"line":13,"column":52}},"13":{"start":{"line":14,"column":0},"end":{"line":14,"column":67}},"14":{"start":{"line":15,"column":0},"end":{"line":15,"column":47}},"15":{"start":{"line":16,"column":0},"end":{"line":16,"column":41}},"16":{"start":{"line":17,"column":0},"end":{"line":17,"column":0}},"17":{"start":{"line":18,"column":0},"end":{"line":18,"column":19}},"18":{"start":{"line":19,"column":0},"end":{"line":19,"column":19}},"19":{"start":{"line":20,"column":0},"end":{"line":20,"column":19}},"20":{"start":{"line":21,"column":0},"end":{"line":21,"column":0}},"21":{"start":{"line":22,"column":0},"end":{"line":22,"column":36}},"22":{"start":{"line":23,"column":0},"end":{"line":23,"column":21}},"23":{"start":{"line":24,"column":0},"end":{"line":24,"column":9}},"24":{"start":{"line":25,"column":0},"end":{"line":25,"column":159}},"25":{"start":{"line":26,"column":0},"end":{"line":26,"column":19}},"26":{"start":{"line":27,"column":0},"end":{"line":27,"column":38}},"27":{"start":{"line":28,"column":0},"end":{"line":28,"column":37}},"28":{"start":{"line":29,"column":0},"end":{"line":29,"column":14}},"29":{"start":{"line":30,"column":0},"end":{"line":30,"column":29}},"30":{"start":{"line":31,"column":0},"end":{"line":31,"column":7}},"31":{"start":{"line":32,"column":0},"end":{"line":32,"column":17}},"32":{"start":{"line":33,"column":0},"end":{"line":33,"column":23}},"33":{"start":{"line":34,"column":0},"end":{"line":34,"column":15}},"34":{"start":{"line":35,"column":0},"end":{"line":35,"column":24}},"35":{"start":{"line":36,"column":0},"end":{"line":36,"column":5}},"36":{"start":{"line":37,"column":0},"end":{"line":37,"column":4}},"37":{"start":{"line":38,"column":0},"end":{"line":38,"column":0}},"38":{"start":{"line":39,"column":0},"end":{"line":39,"column":61}},"39":{"start":{"line":40,"column":0},"end":{"line":40,"column":25}},"40":{"start":{"line":41,"column":0},"end":{"line":41,"column":4}},"41":{"start":{"line":42,"column":0},"end":{"line":42,"column":41}},"42":{"start":{"line":43,"column":0},"end":{"line":43,"column":64}},"43":{"start":{"line":44,"column":0},"end":{"line":44,"column":12}},"44":{"start":{"line":45,"column":0},"end":{"line":45,"column":51}},"45":{"start":{"line":46,"column":0},"end":{"line":46,"column":49}},"46":{"start":{"line":47,"column":0},"end":{"line":47,"column":15}},"47":{"start":{"line":48,"column":0},"end":{"line":48,"column":7}},"48":{"start":{"line":49,"column":0},"end":{"line":49,"column":51}},"49":{"start":{"line":50,"column":0},"end":{"line":50,"column":19}},"50":{"start":{"line":51,"column":0},"end":{"line":51,"column":5}},"51":{"start":{"line":52,"column":0},"end":{"line":52,"column":4}},"52":{"start":{"line":53,"column":0},"end":{"line":53,"column":0}},"53":{"start":{"line":54,"column":0},"end":{"line":54,"column":31}},"54":{"start":{"line":55,"column":0},"end":{"line":55,"column":50}},"55":{"start":{"line":56,"column":0},"end":{"line":56,"column":44}},"56":{"start":{"line":57,"column":0},"end":{"line":57,"column":13}},"57":{"start":{"line":58,"column":0},"end":{"line":58,"column":5}},"58":{"start":{"line":59,"column":0},"end":{"line":59,"column":4}},"59":{"start":{"line":60,"column":0},"end":{"line":60,"column":48}},"60":{"start":{"line":61,"column":0},"end":{"line":61,"column":30}},"61":{"start":{"line":62,"column":0},"end":{"line":62,"column":21}},"62":{"start":{"line":63,"column":0},"end":{"line":63,"column":8}},"63":{"start":{"line":64,"column":0},"end":{"line":64,"column":4}},"64":{"start":{"line":65,"column":0},"end":{"line":65,"column":21}},"65":{"start":{"line":66,"column":0},"end":{"line":66,"column":4}},"66":{"start":{"line":67,"column":0},"end":{"line":67,"column":0}},"67":{"start":{"line":68,"column":0},"end":{"line":68,"column":11}},"68":{"start":{"line":69,"column":0},"end":{"line":69,"column":52}},"69":{"start":{"line":70,"column":0},"end":{"line":70,"column":51}},"70":{"start":{"line":71,"column":0},"end":{"line":71,"column":33}},"71":{"start":{"line":72,"column":0},"end":{"line":72,"column":24}},"72":{"start":{"line":73,"column":0},"end":{"line":73,"column":15}},"73":{"start":{"line":74,"column":0},"end":{"line":74,"column":34}},"74":{"start":{"line":75,"column":0},"end":{"line":75,"column":0}},"75":{"start":{"line":76,"column":0},"end":{"line":76,"column":73}},"76":{"start":{"line":77,"column":0},"end":{"line":77,"column":0}},"77":{"start":{"line":78,"column":0},"end":{"line":78,"column":10}},"78":{"start":{"line":79,"column":0},"end":{"line":79,"column":159}},"79":{"start":{"line":80,"column":0},"end":{"line":80,"column":121}},"80":{"start":{"line":81,"column":0},"end":{"line":81,"column":83}},"81":{"start":{"line":82,"column":0},"end":{"line":82,"column":8}},"82":{"start":{"line":83,"column":0},"end":{"line":83,"column":20}},"83":{"start":{"line":84,"column":0},"end":{"line":84,"column":90}},"84":{"start":{"line":85,"column":0},"end":{"line":85,"column":57}},"85":{"start":{"line":86,"column":0},"end":{"line":86,"column":18}},"86":{"start":{"line":87,"column":0},"end":{"line":87,"column":31}},"87":{"start":{"line":88,"column":0},"end":{"line":88,"column":30}},"88":{"start":{"line":89,"column":0},"end":{"line":89,"column":44}},"89":{"start":{"line":90,"column":0},"end":{"line":90,"column":35}},"90":{"start":{"line":91,"column":0},"end":{"line":91,"column":27}},"91":{"start":{"line":92,"column":0},"end":{"line":92,"column":14}},"92":{"start":{"line":93,"column":0},"end":{"line":93,"column":103}},"93":{"start":{"line":94,"column":0},"end":{"line":94,"column":11}},"94":{"start":{"line":95,"column":0},"end":{"line":95,"column":67}},"95":{"start":{"line":96,"column":0},"end":{"line":96,"column":63}},"96":{"start":{"line":97,"column":0},"end":{"line":97,"column":15}},"97":{"start":{"line":98,"column":0},"end":{"line":98,"column":19}},"98":{"start":{"line":99,"column":0},"end":{"line":99,"column":14}},"99":{"start":{"line":100,"column":0},"end":{"line":100,"column":8}},"100":{"start":{"line":101,"column":0},"end":{"line":101,"column":57}},"101":{"start":{"line":102,"column":0},"end":{"line":102,"column":64}},"102":{"start":{"line":103,"column":0},"end":{"line":103,"column":14}},"103":{"start":{"line":104,"column":0},"end":{"line":104,"column":0}},"104":{"start":{"line":105,"column":0},"end":{"line":105,"column":166}},"105":{"start":{"line":106,"column":0},"end":{"line":106,"column":0}},"106":{"start":{"line":107,"column":0},"end":{"line":107,"column":20}},"107":{"start":{"line":108,"column":0},"end":{"line":108,"column":72}},"108":{"start":{"line":109,"column":0},"end":{"line":109,"column":13}},"109":{"start":{"line":110,"column":0},"end":{"line":110,"column":15}},"110":{"start":{"line":111,"column":0},"end":{"line":111,"column":46}},"111":{"start":{"line":112,"column":0},"end":{"line":112,"column":91}},"112":{"start":{"line":113,"column":0},"end":{"line":113,"column":101}},"113":{"start":{"line":114,"column":0},"end":{"line":114,"column":34}},"114":{"start":{"line":115,"column":0},"end":{"line":115,"column":34}},"115":{"start":{"line":116,"column":0},"end":{"line":116,"column":34}},"116":{"start":{"line":117,"column":0},"end":{"line":117,"column":34}},"117":{"start":{"line":118,"column":0},"end":{"line":118,"column":20}},"118":{"start":{"line":119,"column":0},"end":{"line":119,"column":18}},"119":{"start":{"line":120,"column":0},"end":{"line":120,"column":12}},"120":{"start":{"line":121,"column":0},"end":{"line":121,"column":31}},"121":{"start":{"line":122,"column":0},"end":{"line":122,"column":126}},"122":{"start":{"line":123,"column":0},"end":{"line":123,"column":35}},"123":{"start":{"line":124,"column":0},"end":{"line":124,"column":101}},"124":{"start":{"line":125,"column":0},"end":{"line":125,"column":16}},"125":{"start":{"line":126,"column":0},"end":{"line":126,"column":24}},"126":{"start":{"line":127,"column":0},"end":{"line":127,"column":111}},"127":{"start":{"line":128,"column":0},"end":{"line":128,"column":113}},"128":{"start":{"line":129,"column":0},"end":{"line":129,"column":31}},"129":{"start":{"line":130,"column":0},"end":{"line":130,"column":26}},"130":{"start":{"line":131,"column":0},"end":{"line":131,"column":70}},"131":{"start":{"line":132,"column":0},"end":{"line":132,"column":45}},"132":{"start":{"line":133,"column":0},"end":{"line":133,"column":80}},"133":{"start":{"line":134,"column":0},"end":{"line":134,"column":57}},"134":{"start":{"line":135,"column":0},"end":{"line":135,"column":24}},"135":{"start":{"line":136,"column":0},"end":{"line":136,"column":32}},"136":{"start":{"line":137,"column":0},"end":{"line":137,"column":33}},"137":{"start":{"line":138,"column":0},"end":{"line":138,"column":46}},"138":{"start":{"line":139,"column":0},"end":{"line":139,"column":80}},"139":{"start":{"line":140,"column":0},"end":{"line":140,"column":49}},"140":{"start":{"line":141,"column":0},"end":{"line":141,"column":36}},"141":{"start":{"line":142,"column":0},"end":{"line":142,"column":38}},"142":{"start":{"line":143,"column":0},"end":{"line":143,"column":50}},"143":{"start":{"line":144,"column":0},"end":{"line":144,"column":93}},"144":{"start":{"line":145,"column":0},"end":{"line":145,"column":46}},"145":{"start":{"line":146,"column":0},"end":{"line":146,"column":99}},"146":{"start":{"line":147,"column":0},"end":{"line":147,"column":77}},"147":{"start":{"line":148,"column":0},"end":{"line":148,"column":43}},"148":{"start":{"line":149,"column":0},"end":{"line":149,"column":65}},"149":{"start":{"line":150,"column":0},"end":{"line":150,"column":91}},"150":{"start":{"line":151,"column":0},"end":{"line":151,"column":51}},"151":{"start":{"line":152,"column":0},"end":{"line":152,"column":42}},"152":{"start":{"line":153,"column":0},"end":{"line":153,"column":30}},"153":{"start":{"line":154,"column":0},"end":{"line":154,"column":27}},"154":{"start":{"line":155,"column":0},"end":{"line":155,"column":52}},"155":{"start":{"line":156,"column":0},"end":{"line":156,"column":82}},"156":{"start":{"line":157,"column":0},"end":{"line":157,"column":35}},"157":{"start":{"line":158,"column":0},"end":{"line":158,"column":26}},"158":{"start":{"line":159,"column":0},"end":{"line":159,"column":25}},"159":{"start":{"line":160,"column":0},"end":{"line":160,"column":26}},"160":{"start":{"line":161,"column":0},"end":{"line":161,"column":24}},"161":{"start":{"line":162,"column":0},"end":{"line":162,"column":18}},"162":{"start":{"line":163,"column":0},"end":{"line":163,"column":17}},"163":{"start":{"line":164,"column":0},"end":{"line":164,"column":18}},"164":{"start":{"line":165,"column":0},"end":{"line":165,"column":12}},"165":{"start":{"line":166,"column":0},"end":{"line":166,"column":26}},"166":{"start":{"line":167,"column":0},"end":{"line":167,"column":42}},"167":{"start":{"line":168,"column":0},"end":{"line":168,"column":127}},"168":{"start":{"line":169,"column":0},"end":{"line":169,"column":109}},"169":{"start":{"line":170,"column":0},"end":{"line":170,"column":61}},"170":{"start":{"line":171,"column":0},"end":{"line":171,"column":74}},"171":{"start":{"line":172,"column":0},"end":{"line":172,"column":22}},"172":{"start":{"line":173,"column":0},"end":{"line":173,"column":20}},"173":{"start":{"line":174,"column":0},"end":{"line":174,"column":14}},"174":{"start":{"line":175,"column":0},"end":{"line":175,"column":16}},"175":{"start":{"line":176,"column":0},"end":{"line":176,"column":10}},"176":{"start":{"line":177,"column":0},"end":{"line":177,"column":0}},"177":{"start":{"line":178,"column":0},"end":{"line":178,"column":93}},"178":{"start":{"line":179,"column":0},"end":{"line":179,"column":18}},"179":{"start":{"line":180,"column":0},"end":{"line":180,"column":30}},"180":{"start":{"line":181,"column":0},"end":{"line":181,"column":129}},"181":{"start":{"line":182,"column":0},"end":{"line":182,"column":11}},"182":{"start":{"line":183,"column":0},"end":{"line":183,"column":14}},"183":{"start":{"line":184,"column":0},"end":{"line":184,"column":19}},"184":{"start":{"line":185,"column":0},"end":{"line":185,"column":18}},"185":{"start":{"line":186,"column":0},"end":{"line":186,"column":35}},"186":{"start":{"line":187,"column":0},"end":{"line":187,"column":62}},"187":{"start":{"line":188,"column":0},"end":{"line":188,"column":21}},"188":{"start":{"line":189,"column":0},"end":{"line":189,"column":36}},"189":{"start":{"line":190,"column":0},"end":{"line":190,"column":91}},"190":{"start":{"line":191,"column":0},"end":{"line":191,"column":29}},"191":{"start":{"line":192,"column":0},"end":{"line":192,"column":30}},"192":{"start":{"line":193,"column":0},"end":{"line":193,"column":31}},"193":{"start":{"line":194,"column":0},"end":{"line":194,"column":90}},"194":{"start":{"line":195,"column":0},"end":{"line":195,"column":29}},"195":{"start":{"line":196,"column":0},"end":{"line":196,"column":14}},"196":{"start":{"line":197,"column":0},"end":{"line":197,"column":11}},"197":{"start":{"line":198,"column":0},"end":{"line":198,"column":16}},"198":{"start":{"line":199,"column":0},"end":{"line":199,"column":19}},"199":{"start":{"line":200,"column":0},"end":{"line":200,"column":14}},"200":{"start":{"line":201,"column":0},"end":{"line":201,"column":12}},"201":{"start":{"line":202,"column":0},"end":{"line":202,"column":10}},"202":{"start":{"line":203,"column":0},"end":{"line":203,"column":4}},"203":{"start":{"line":204,"column":0},"end":{"line":204,"column":1}}},"s":{"0":1,"1":1,"2":1,"3":1,"4":1,"5":1,"6":1,"7":1,"8":1,"9":1,"10":16,"11":16,"12":16,"13":16,"14":16,"15":16,"16":16,"17":16,"18":4,"19":16,"20":16,"21":16,"22":4,"23":4,"24":4,"25":4,"26":4,"27":4,"28":4,"29":0,"30":0,"31":4,"32":0,"33":4,"34":4,"35":4,"36":4,"37":16,"38":16,"39":5,"40":5,"41":5,"42":0,"43":5,"44":5,"45":1,"46":1,"47":1,"48":4,"49":4,"50":4,"51":5,"52":16,"53":16,"54":1,"55":0,"56":0,"57":0,"58":1,"59":1,"60":2,"61":2,"62":1,"63":1,"64":1,"65":1,"66":16,"67":16,"68":16,"69":23,"70":23,"71":23,"72":23,"73":16,"74":16,"75":16,"76":16,"77":16,"78":16,"79":16,"80":16,"81":16,"82":16,"83":16,"84":16,"85":16,"86":16,"87":16,"88":1,"89":1,"90":1,"91":1,"92":16,"93":16,"94":16,"95":256,"96":16,"97":16,"98":16,"99":16,"100":16,"101":16,"102":16,"103":16,"104":16,"105":16,"106":16,"107":4,"108":12,"109":12,"110":12,"111":12,"112":12,"113":12,"114":12,"115":12,"116":12,"117":12,"118":12,"119":12,"120":12,"121":12,"122":12,"123":12,"124":12,"125":12,"126":12,"127":12,"128":12,"129":12,"130":12,"131":12,"132":22,"133":22,"134":22,"135":22,"136":22,"137":22,"138":22,"139":22,"140":22,"141":22,"142":22,"143":22,"144":22,"145":22,"146":22,"147":22,"148":22,"149":22,"150":22,"151":22,"152":22,"153":22,"154":22,"155":22,"156":22,"157":22,"158":12,"159":12,"160":12,"161":12,"162":12,"163":12,"164":12,"165":12,"166":12,"167":5,"168":5,"169":5,"170":5,"171":5,"172":5,"173":12,"174":12,"175":16,"176":16,"177":16,"178":16,"179":16,"180":16,"181":16,"182":16,"183":16,"184":16,"185":16,"186":16,"187":16,"188":16,"189":16,"190":16,"191":16,"192":16,"193":16,"194":16,"195":16,"196":16,"197":16,"198":16,"199":16,"200":16,"201":16,"202":16,"203":16},"branchMap":{"0":{"type":"branch","line":11,"loc":{"start":{"line":11,"column":0},"end":{"line":204,"column":1}},"locations":[{"start":{"line":11,"column":0},"end":{"line":204,"column":1}}]},"1":{"type":"branch","line":105,"loc":{"start":{"line":105,"column":9},"end":{"line":105,"column":166}},"locations":[{"start":{"line":105,"column":9},"end":{"line":105,"column":166}}]},"2":{"type":"branch","line":107,"loc":{"start":{"line":107,"column":9},"end":{"line":108,"column":72}},"locations":[{"start":{"line":107,"column":9},"end":{"line":108,"column":72}}]},"3":{"type":"branch","line":108,"loc":{"start":{"line":108,"column":66},"end":{"line":175,"column":16}},"locations":[{"start":{"line":108,"column":66},"end":{"line":175,"column":16}}]},"4":{"type":"branch","line":167,"loc":{"start":{"line":167,"column":36},"end":{"line":173,"column":20}},"locations":[{"start":{"line":167,"column":36},"end":{"line":173,"column":20}}]},"5":{"type":"branch","line":190,"loc":{"start":{"line":190,"column":51},"end":{"line":190,"column":80}},"locations":[{"start":{"line":190,"column":51},"end":{"line":190,"column":80}}]},"6":{"type":"branch","line":190,"loc":{"start":{"line":190,"column":68},"end":{"line":190,"column":91}},"locations":[{"start":{"line":190,"column":68},"end":{"line":190,"column":91}}]},"7":{"type":"branch","line":194,"loc":{"start":{"line":194,"column":47},"end":{"line":194,"column":76}},"locations":[{"start":{"line":194,"column":47},"end":{"line":194,"column":76}}]},"8":{"type":"branch","line":194,"loc":{"start":{"line":194,"column":64},"end":{"line":194,"column":90}},"locations":[{"start":{"line":194,"column":64},"end":{"line":194,"column":90}}]},"9":{"type":"branch","line":18,"loc":{"start":{"line":18,"column":12},"end":{"line":20,"column":5}},"locations":[{"start":{"line":18,"column":12},"end":{"line":20,"column":5}}]},"10":{"type":"branch","line":22,"loc":{"start":{"line":22,"column":23},"end":{"line":37,"column":4}},"locations":[{"start":{"line":22,"column":23},"end":{"line":37,"column":4}}]},"11":{"type":"branch","line":28,"loc":{"start":{"line":28,"column":24},"end":{"line":28,"column":35}},"locations":[{"start":{"line":28,"column":24},"end":{"line":28,"column":35}}]},"12":{"type":"branch","line":29,"loc":{"start":{"line":29,"column":6},"end":{"line":31,"column":7}},"locations":[{"start":{"line":29,"column":6},"end":{"line":31,"column":7}}]},"13":{"type":"branch","line":32,"loc":{"start":{"line":32,"column":4},"end":{"line":34,"column":6}},"locations":[{"start":{"line":32,"column":4},"end":{"line":34,"column":6}}]},"14":{"type":"branch","line":39,"loc":{"start":{"line":39,"column":21},"end":{"line":52,"column":4}},"locations":[{"start":{"line":39,"column":21},"end":{"line":52,"column":4}}]},"15":{"type":"branch","line":40,"loc":{"start":{"line":40,"column":18},"end":{"line":40,"column":25}},"locations":[{"start":{"line":40,"column":18},"end":{"line":40,"column":25}}]},"16":{"type":"branch","line":42,"loc":{"start":{"line":42,"column":40},"end":{"line":44,"column":11}},"locations":[{"start":{"line":42,"column":40},"end":{"line":44,"column":11}}]},"17":{"type":"branch","line":45,"loc":{"start":{"line":45,"column":50},"end":{"line":48,"column":7}},"locations":[{"start":{"line":45,"column":50},"end":{"line":48,"column":7}}]},"18":{"type":"branch","line":48,"loc":{"start":{"line":48,"column":6},"end":{"line":51,"column":5}},"locations":[{"start":{"line":48,"column":6},"end":{"line":51,"column":5}}]},"19":{"type":"branch","line":54,"loc":{"start":{"line":54,"column":24},"end":{"line":66,"column":4}},"locations":[{"start":{"line":54,"column":24},"end":{"line":66,"column":4}}]},"20":{"type":"branch","line":55,"loc":{"start":{"line":55,"column":49},"end":{"line":58,"column":5}},"locations":[{"start":{"line":55,"column":49},"end":{"line":58,"column":5}}]},"21":{"type":"branch","line":60,"loc":{"start":{"line":60,"column":36},"end":{"line":63,"column":6}},"locations":[{"start":{"line":60,"column":36},"end":{"line":63,"column":6}}]},"22":{"type":"branch","line":69,"loc":{"start":{"line":69,"column":36},"end":{"line":74,"column":5}},"locations":[{"start":{"line":69,"column":36},"end":{"line":74,"column":5}}]},"23":{"type":"branch","line":70,"loc":{"start":{"line":70,"column":21},"end":{"line":70,"column":51}},"locations":[{"start":{"line":70,"column":21},"end":{"line":70,"column":51}}]},"24":{"type":"branch","line":71,"loc":{"start":{"line":71,"column":19},"end":{"line":71,"column":33}},"locations":[{"start":{"line":71,"column":19},"end":{"line":71,"column":33}}]},"25":{"type":"branch","line":88,"loc":{"start":{"line":88,"column":22},"end":{"line":92,"column":14}},"locations":[{"start":{"line":88,"column":22},"end":{"line":92,"column":14}}]},"26":{"type":"branch","line":95,"loc":{"start":{"line":95,"column":40},"end":{"line":95,"column":55}},"locations":[{"start":{"line":95,"column":40},"end":{"line":95,"column":55}}]},"27":{"type":"branch","line":95,"loc":{"start":{"line":95,"column":61},"end":{"line":96,"column":63}},"locations":[{"start":{"line":95,"column":61},"end":{"line":96,"column":63}}]},"28":{"type":"branch","line":123,"loc":{"start":{"line":123,"column":24},"end":{"line":163,"column":15}},"locations":[{"start":{"line":123,"column":24},"end":{"line":163,"column":15}}]},"29":{"type":"branch","line":124,"loc":{"start":{"line":124,"column":57},"end":{"line":124,"column":99}},"locations":[{"start":{"line":124,"column":57},"end":{"line":124,"column":99}}]},"30":{"type":"branch","line":132,"loc":{"start":{"line":132,"column":36},"end":{"line":159,"column":23}},"locations":[{"start":{"line":132,"column":36},"end":{"line":159,"column":23}}]},"31":{"type":"branch","line":144,"loc":{"start":{"line":144,"column":38},"end":{"line":144,"column":73}},"locations":[{"start":{"line":144,"column":38},"end":{"line":144,"column":73}}]},"32":{"type":"branch","line":144,"loc":{"start":{"line":144,"column":51},"end":{"line":144,"column":93}},"locations":[{"start":{"line":144,"column":51},"end":{"line":144,"column":93}}]},"33":{"type":"branch","line":146,"loc":{"start":{"line":146,"column":42},"end":{"line":146,"column":67}},"locations":[{"start":{"line":146,"column":42},"end":{"line":146,"column":67}}]},"34":{"type":"branch","line":146,"loc":{"start":{"line":146,"column":55},"end":{"line":146,"column":99}},"locations":[{"start":{"line":146,"column":55},"end":{"line":146,"column":99}}]},"35":{"type":"branch","line":146,"loc":{"start":{"line":146,"column":67},"end":{"line":146,"column":92}},"locations":[{"start":{"line":146,"column":67},"end":{"line":146,"column":92}}]},"36":{"type":"branch","line":146,"loc":{"start":{"line":146,"column":80},"end":{"line":146,"column":99}},"locations":[{"start":{"line":146,"column":80},"end":{"line":146,"column":99}}]},"37":{"type":"branch","line":147,"loc":{"start":{"line":147,"column":38},"end":{"line":147,"column":67}},"locations":[{"start":{"line":147,"column":38},"end":{"line":147,"column":67}}]},"38":{"type":"branch","line":147,"loc":{"start":{"line":147,"column":51},"end":{"line":147,"column":77}},"locations":[{"start":{"line":147,"column":51},"end":{"line":147,"column":77}}]},"39":{"type":"branch","line":149,"loc":{"start":{"line":149,"column":42},"end":{"line":149,"column":61}},"locations":[{"start":{"line":149,"column":42},"end":{"line":149,"column":61}}]},"40":{"type":"branch","line":149,"loc":{"start":{"line":149,"column":55},"end":{"line":149,"column":65}},"locations":[{"start":{"line":149,"column":55},"end":{"line":149,"column":65}}]},"41":{"type":"branch","line":150,"loc":{"start":{"line":150,"column":37},"end":{"line":150,"column":59}},"locations":[{"start":{"line":150,"column":37},"end":{"line":150,"column":59}}]},"42":{"type":"branch","line":150,"loc":{"start":{"line":150,"column":50},"end":{"line":150,"column":91}},"locations":[{"start":{"line":150,"column":50},"end":{"line":150,"column":91}}]},"43":{"type":"branch","line":150,"loc":{"start":{"line":150,"column":59},"end":{"line":150,"column":84}},"locations":[{"start":{"line":150,"column":59},"end":{"line":150,"column":84}}]},"44":{"type":"branch","line":150,"loc":{"start":{"line":150,"column":72},"end":{"line":150,"column":91}},"locations":[{"start":{"line":150,"column":72},"end":{"line":150,"column":91}}]},"45":{"type":"branch","line":156,"loc":{"start":{"line":156,"column":34},"end":{"line":156,"column":82}},"locations":[{"start":{"line":156,"column":34},"end":{"line":156,"column":82}}]},"46":{"type":"branch","line":139,"loc":{"start":{"line":139,"column":37},"end":{"line":139,"column":80}},"locations":[{"start":{"line":139,"column":37},"end":{"line":139,"column":80}}]},"47":{"type":"branch","line":171,"loc":{"start":{"line":171,"column":37},"end":{"line":171,"column":62}},"locations":[{"start":{"line":171,"column":37},"end":{"line":171,"column":62}}]}},"b":{"0":[16],"1":[1],"2":[4],"3":[12],"4":[5],"5":[4],"6":[12],"7":[4],"8":[12],"9":[4],"10":[4],"11":[0],"12":[0],"13":[0],"14":[5],"15":[0],"16":[0],"17":[1],"18":[4],"19":[1],"20":[0],"21":[2],"22":[23],"23":[0],"24":[13],"25":[1],"26":[256],"27":[256],"28":[12],"29":[10],"30":[22],"31":[6],"32":[16],"33":[3],"34":[19],"35":[6],"36":[13],"37":[3],"38":[19],"39":[6],"40":[16],"41":[3],"42":[19],"43":[6],"44":[13],"45":[12],"46":[5],"47":[6]},"fnMap":{"0":{"name":"SeatSelectionModal","decl":{"start":{"line":11,"column":0},"end":{"line":204,"column":1}},"loc":{"start":{"line":11,"column":0},"end":{"line":204,"column":1}},"line":11},"1":{"name":"fetchSeatMap","decl":{"start":{"line":22,"column":23},"end":{"line":37,"column":4}},"loc":{"start":{"line":22,"column":23},"end":{"line":37,"column":4}},"line":22},"2":{"name":"toggleSeat","decl":{"start":{"line":39,"column":21},"end":{"line":52,"column":4}},"loc":{"start":{"line":39,"column":21},"end":{"line":52,"column":4}},"line":39},"3":{"name":"handleConfirm","decl":{"start":{"line":54,"column":24},"end":{"line":66,"column":4}},"loc":{"start":{"line":54,"column":24},"end":{"line":66,"column":4}},"line":54},"4":{"name":"onChange","decl":{"start":{"line":88,"column":22},"end":{"line":92,"column":14}},"loc":{"start":{"line":88,"column":22},"end":{"line":92,"column":14}},"line":88},"5":{"name":"onClick","decl":{"start":{"line":139,"column":37},"end":{"line":139,"column":80}},"loc":{"start":{"line":139,"column":37},"end":{"line":139,"column":80}},"line":139}},"f":{"0":16,"1":4,"2":5,"3":1,"4":1,"5":5}}
,"D:\\HW\\CS3601\\CS3604\\Ticket_Management\\frontend\\src\\components\\WarmTipModal.tsx": {"path":"D:\\HW\\CS3601\\CS3604\\Ticket_Management\\frontend\\src\\components\\WarmTipModal.tsx","all":false,"statementMap":{"0":{"start":{"line":1,"column":0},"end":{"line":1,"column":26}},"1":{"start":{"line":2,"column":0},"end":{"line":2,"column":0}},"2":{"start":{"line":3,"column":0},"end":{"line":3,"column":14}},"3":{"start":{"line":4,"column":0},"end":{"line":4,"column":24}},"4":{"start":{"line":5,"column":0},"end":{"line":5,"column":24}},"5":{"start":{"line":6,"column":0},"end":{"line":6,"column":2}},"6":{"start":{"line":7,"column":0},"end":{"line":7,"column":0}},"7":{"start":{"line":8,"column":0},"end":{"line":8,"column":70}},"8":{"start":{"line":9,"column":0},"end":{"line":9,"column":10}},"9":{"start":{"line":10,"column":0},"end":{"line":10,"column":27}},"10":{"start":{"line":11,"column":0},"end":{"line":11,"column":45}},"11":{"start":{"line":12,"column":0},"end":{"line":12,"column":60}},"12":{"start":{"line":13,"column":0},"end":{"line":13,"column":90}},"13":{"start":{"line":14,"column":0},"end":{"line":14,"column":86}},"14":{"start":{"line":15,"column":0},"end":{"line":15,"column":71}},"15":{"start":{"line":16,"column":0},"end":{"line":16,"column":12}},"16":{"start":{"line":17,"column":0},"end":{"line":17,"column":10}},"17":{"start":{"line":18,"column":0},"end":{"line":18,"column":4}},"18":{"start":{"line":19,"column":0},"end":{"line":19,"column":1}}},"s":{"0":1,"1":1,"2":1,"3":1,"4":1,"5":1,"6":1,"7":2,"8":2,"9":2,"10":2,"11":2,"12":2,"13":2,"14":2,"15":2,"16":2,"17":2,"18":2},"branchMap":{"0":{"type":"branch","line":8,"loc":{"start":{"line":8,"column":0},"end":{"line":19,"column":1}},"locations":[{"start":{"line":8,"column":0},"end":{"line":19,"column":1}}]},"1":{"type":"branch","line":14,"loc":{"start":{"line":14,"column":9},"end":{"line":14,"column":86}},"locations":[{"start":{"line":14,"column":9},"end":{"line":14,"column":86}}]}},"b":{"0":[2],"1":[1]},"fnMap":{"0":{"name":"WarmTipModal","decl":{"start":{"line":8,"column":0},"end":{"line":19,"column":1}},"loc":{"start":{"line":8,"column":0},"end":{"line":19,"column":1}},"line":8}},"f":{"0":2}}
,"D:\\HW\\CS3601\\CS3604\\Ticket_Management\\frontend\\src\\pages\\OrderManagement.tsx": {"path":"D:\\HW\\CS3601\\CS3604\\Ticket_Management\\frontend\\src\\pages\\OrderManagement.tsx","all":false,"statementMap":{"0":{"start":{"line":1,"column":0},"end":{"line":1,"column":60}},"1":{"start":{"line":2,"column":0},"end":{"line":2,"column":93}},"2":{"start":{"line":3,"column":0},"end":{"line":3,"column":22}},"3":{"start":{"line":4,"column":0},"end":{"line":4,"column":0}},"4":{"start":{"line":5,"column":0},"end":{"line":5,"column":43}},"5":{"start":{"line":6,"column":0},"end":{"line":6,"column":50}},"6":{"start":{"line":7,"column":0},"end":{"line":7,"column":54}},"7":{"start":{"line":8,"column":0},"end":{"line":8,"column":72}},"8":{"start":{"line":9,"column":0},"end":{"line":9,"column":56}},"9":{"start":{"line":10,"column":0},"end":{"line":10,"column":42}},"10":{"start":{"line":11,"column":0},"end":{"line":11,"column":103}},"11":{"start":{"line":12,"column":0},"end":{"line":12,"column":71}},"12":{"start":{"line":13,"column":0},"end":{"line":13,"column":92}},"13":{"start":{"line":14,"column":0},"end":{"line":14,"column":84}},"14":{"start":{"line":15,"column":0},"end":{"line":15,"column":46}},"15":{"start":{"line":16,"column":0},"end":{"line":16,"column":20}},"16":{"start":{"line":17,"column":0},"end":{"line":17,"column":36}},"17":{"start":{"line":18,"column":0},"end":{"line":18,"column":40}},"18":{"start":{"line":19,"column":0},"end":{"line":19,"column":36}},"19":{"start":{"line":20,"column":0},"end":{"line":20,"column":33}},"20":{"start":{"line":21,"column":0},"end":{"line":21,"column":4}},"21":{"start":{"line":22,"column":0},"end":{"line":22,"column":60}},"22":{"start":{"line":23,"column":0},"end":{"line":23,"column":67}},"23":{"start":{"line":24,"column":0},"end":{"line":24,"column":61}},"24":{"start":{"line":25,"column":0},"end":{"line":25,"column":59}},"25":{"start":{"line":26,"column":0},"end":{"line":26,"column":0}},"26":{"start":{"line":27,"column":0},"end":{"line":27,"column":19}},"27":{"start":{"line":28,"column":0},"end":{"line":28,"column":9}},"28":{"start":{"line":29,"column":0},"end":{"line":29,"column":72}},"29":{"start":{"line":30,"column":0},"end":{"line":30,"column":51}},"30":{"start":{"line":31,"column":0},"end":{"line":31,"column":62}},"31":{"start":{"line":32,"column":0},"end":{"line":32,"column":69}},"32":{"start":{"line":33,"column":0},"end":{"line":33,"column":21}},"33":{"start":{"line":34,"column":0},"end":{"line":34,"column":74}},"34":{"start":{"line":35,"column":0},"end":{"line":35,"column":95}},"35":{"start":{"line":36,"column":0},"end":{"line":36,"column":63}},"36":{"start":{"line":37,"column":0},"end":{"line":37,"column":7}},"37":{"start":{"line":38,"column":0},"end":{"line":38,"column":24}},"38":{"start":{"line":39,"column":0},"end":{"line":39,"column":33}},"39":{"start":{"line":40,"column":0},"end":{"line":40,"column":9}},"40":{"start":{"line":41,"column":0},"end":{"line":41,"column":0}},"41":{"start":{"line":42,"column":0},"end":{"line":42,"column":34}},"42":{"start":{"line":43,"column":0},"end":{"line":43,"column":9}},"43":{"start":{"line":44,"column":0},"end":{"line":44,"column":127}},"44":{"start":{"line":45,"column":0},"end":{"line":45,"column":17}},"45":{"start":{"line":46,"column":0},"end":{"line":46,"column":36}},"46":{"start":{"line":47,"column":0},"end":{"line":47,"column":63}},"47":{"start":{"line":48,"column":0},"end":{"line":48,"column":7}},"48":{"start":{"line":49,"column":0},"end":{"line":49,"column":18}},"49":{"start":{"line":50,"column":0},"end":{"line":50,"column":3}},"50":{"start":{"line":51,"column":0},"end":{"line":51,"column":0}},"51":{"start":{"line":52,"column":0},"end":{"line":52,"column":74}},"52":{"start":{"line":53,"column":0},"end":{"line":53,"column":0}},"53":{"start":{"line":54,"column":0},"end":{"line":54,"column":39}},"54":{"start":{"line":55,"column":0},"end":{"line":55,"column":91}},"55":{"start":{"line":56,"column":0},"end":{"line":56,"column":93}},"56":{"start":{"line":57,"column":0},"end":{"line":57,"column":29}},"57":{"start":{"line":58,"column":0},"end":{"line":58,"column":5}},"58":{"start":{"line":59,"column":0},"end":{"line":59,"column":0}},"59":{"start":{"line":60,"column":0},"end":{"line":60,"column":32}},"60":{"start":{"line":61,"column":0},"end":{"line":61,"column":35}},"61":{"start":{"line":62,"column":0},"end":{"line":62,"column":21}},"62":{"start":{"line":63,"column":0},"end":{"line":63,"column":30}},"63":{"start":{"line":64,"column":0},"end":{"line":64,"column":33}},"64":{"start":{"line":65,"column":0},"end":{"line":65,"column":34}},"65":{"start":{"line":66,"column":0},"end":{"line":66,"column":30}},"66":{"start":{"line":67,"column":0},"end":{"line":67,"column":44}},"67":{"start":{"line":68,"column":0},"end":{"line":68,"column":46}},"68":{"start":{"line":69,"column":0},"end":{"line":69,"column":6}},"69":{"start":{"line":70,"column":0},"end":{"line":70,"column":66}},"70":{"start":{"line":71,"column":0},"end":{"line":71,"column":132}},"71":{"start":{"line":72,"column":0},"end":{"line":72,"column":7}},"72":{"start":{"line":73,"column":0},"end":{"line":73,"column":67}},"73":{"start":{"line":74,"column":0},"end":{"line":74,"column":72}},"74":{"start":{"line":75,"column":0},"end":{"line":75,"column":3}},"75":{"start":{"line":76,"column":0},"end":{"line":76,"column":0}},"76":{"start":{"line":77,"column":0},"end":{"line":77,"column":39}},"77":{"start":{"line":78,"column":0},"end":{"line":78,"column":154}},"78":{"start":{"line":79,"column":0},"end":{"line":79,"column":15}},"79":{"start":{"line":80,"column":0},"end":{"line":80,"column":28}},"80":{"start":{"line":81,"column":0},"end":{"line":81,"column":27}},"81":{"start":{"line":82,"column":0},"end":{"line":82,"column":28}},"82":{"start":{"line":83,"column":0},"end":{"line":83,"column":12}},"83":{"start":{"line":84,"column":0},"end":{"line":84,"column":20}},"84":{"start":{"line":85,"column":0},"end":{"line":85,"column":5}},"85":{"start":{"line":86,"column":0},"end":{"line":86,"column":3}},"86":{"start":{"line":87,"column":0},"end":{"line":87,"column":0}},"87":{"start":{"line":88,"column":0},"end":{"line":88,"column":10}},"88":{"start":{"line":89,"column":0},"end":{"line":89,"column":6}},"89":{"start":{"line":90,"column":0},"end":{"line":90,"column":38}},"90":{"start":{"line":91,"column":0},"end":{"line":91,"column":35}},"91":{"start":{"line":92,"column":0},"end":{"line":92,"column":33}},"92":{"start":{"line":93,"column":0},"end":{"line":93,"column":43}},"93":{"start":{"line":94,"column":0},"end":{"line":94,"column":52}},"94":{"start":{"line":95,"column":0},"end":{"line":95,"column":16}},"95":{"start":{"line":96,"column":0},"end":{"line":96,"column":31}},"96":{"start":{"line":97,"column":0},"end":{"line":97,"column":37}},"97":{"start":{"line":98,"column":0},"end":{"line":98,"column":16}},"98":{"start":{"line":99,"column":0},"end":{"line":99,"column":14}},"99":{"start":{"line":100,"column":0},"end":{"line":100,"column":15}},"100":{"start":{"line":101,"column":0},"end":{"line":101,"column":28}},"101":{"start":{"line":102,"column":0},"end":{"line":102,"column":47}},"102":{"start":{"line":103,"column":0},"end":{"line":103,"column":81}},"103":{"start":{"line":104,"column":0},"end":{"line":104,"column":10}},"104":{"start":{"line":105,"column":0},"end":{"line":105,"column":21}},"105":{"start":{"line":106,"column":0},"end":{"line":106,"column":67}},"106":{"start":{"line":107,"column":0},"end":{"line":107,"column":55}},"107":{"start":{"line":108,"column":0},"end":{"line":108,"column":68}},"108":{"start":{"line":109,"column":0},"end":{"line":109,"column":68}},"109":{"start":{"line":110,"column":0},"end":{"line":110,"column":66}},"110":{"start":{"line":111,"column":0},"end":{"line":111,"column":69}},"111":{"start":{"line":112,"column":0},"end":{"line":112,"column":42}},"112":{"start":{"line":113,"column":0},"end":{"line":113,"column":32}},"113":{"start":{"line":114,"column":0},"end":{"line":114,"column":85}},"114":{"start":{"line":115,"column":0},"end":{"line":115,"column":36}},"115":{"start":{"line":116,"column":0},"end":{"line":116,"column":36}},"116":{"start":{"line":117,"column":0},"end":{"line":117,"column":36}},"117":{"start":{"line":118,"column":0},"end":{"line":118,"column":23}},"118":{"start":{"line":119,"column":0},"end":{"line":119,"column":18}},"119":{"start":{"line":120,"column":0},"end":{"line":120,"column":42}},"120":{"start":{"line":121,"column":0},"end":{"line":121,"column":34}},"121":{"start":{"line":122,"column":0},"end":{"line":122,"column":94}},"122":{"start":{"line":123,"column":0},"end":{"line":123,"column":18}},"123":{"start":{"line":124,"column":0},"end":{"line":124,"column":105}},"124":{"start":{"line":125,"column":0},"end":{"line":125,"column":16}},"125":{"start":{"line":126,"column":0},"end":{"line":126,"column":10}},"126":{"start":{"line":127,"column":0},"end":{"line":127,"column":0}},"127":{"start":{"line":128,"column":0},"end":{"line":128,"column":50}},"128":{"start":{"line":129,"column":0},"end":{"line":129,"column":112}},"129":{"start":{"line":130,"column":0},"end":{"line":130,"column":107}},"130":{"start":{"line":131,"column":0},"end":{"line":131,"column":115}},"131":{"start":{"line":132,"column":0},"end":{"line":132,"column":77}},"132":{"start":{"line":133,"column":0},"end":{"line":133,"column":14}},"133":{"start":{"line":134,"column":0},"end":{"line":134,"column":73}},"134":{"start":{"line":135,"column":0},"end":{"line":135,"column":35}},"135":{"start":{"line":136,"column":0},"end":{"line":136,"column":84}},"136":{"start":{"line":137,"column":0},"end":{"line":137,"column":65}},"137":{"start":{"line":138,"column":0},"end":{"line":138,"column":94}},"138":{"start":{"line":139,"column":0},"end":{"line":139,"column":68}},"139":{"start":{"line":140,"column":0},"end":{"line":140,"column":110}},"140":{"start":{"line":141,"column":0},"end":{"line":141,"column":109}},"141":{"start":{"line":142,"column":0},"end":{"line":142,"column":92}},"142":{"start":{"line":143,"column":0},"end":{"line":143,"column":62}},"143":{"start":{"line":144,"column":0},"end":{"line":144,"column":67}},"144":{"start":{"line":145,"column":0},"end":{"line":145,"column":102}},"145":{"start":{"line":146,"column":0},"end":{"line":146,"column":158}},"146":{"start":{"line":147,"column":0},"end":{"line":147,"column":18}},"147":{"start":{"line":148,"column":0},"end":{"line":148,"column":16}},"148":{"start":{"line":149,"column":0},"end":{"line":149,"column":11}},"149":{"start":{"line":150,"column":0},"end":{"line":150,"column":12}},"150":{"start":{"line":151,"column":0},"end":{"line":151,"column":6}},"151":{"start":{"line":152,"column":0},"end":{"line":152,"column":24}},"152":{"start":{"line":153,"column":0},"end":{"line":153,"column":40}},"153":{"start":{"line":154,"column":0},"end":{"line":154,"column":43}},"154":{"start":{"line":155,"column":0},"end":{"line":155,"column":42}},"155":{"start":{"line":156,"column":0},"end":{"line":156,"column":29}},"156":{"start":{"line":157,"column":0},"end":{"line":157,"column":90}},"157":{"start":{"line":158,"column":0},"end":{"line":158,"column":18}},"158":{"start":{"line":159,"column":0},"end":{"line":159,"column":40}},"159":{"start":{"line":160,"column":0},"end":{"line":160,"column":49}},"160":{"start":{"line":161,"column":0},"end":{"line":161,"column":19}},"161":{"start":{"line":162,"column":0},"end":{"line":162,"column":84}},"162":{"start":{"line":163,"column":0},"end":{"line":163,"column":123}},"163":{"start":{"lin
[...]
column":4},"end":{"line":39,"column":33}}]},"23":{"type":"branch","line":42,"loc":{"start":{"line":42,"column":2},"end":{"line":50,"column":3}},"locations":[{"start":{"line":42,"column":2},"end":{"line":50,"column":3}}]},"24":{"type":"branch","line":44,"loc":{"start":{"line":44,"column":78},"end":{"line":44,"column":121}},"locations":[{"start":{"line":44,"column":78},"end":{"line":44,"column":121}}]},"25":{"type":"branch","line":44,"loc":{"start":{"line":44,"column":117},"end":{"line":44,"column":124}},"locations":[{"start":{"line":44,"column":117},"end":{"line":44,"column":124}}]},"26":{"type":"branch","line":45,"loc":{"start":{"line":45,"column":16},"end":{"line":48,"column":7}},"locations":[{"start":{"line":45,"column":16},"end":{"line":48,"column":7}}]},"27":{"type":"branch","line":49,"loc":{"start":{"line":49,"column":4},"end":{"line":49,"column":18}},"locations":[{"start":{"line":49,"column":4},"end":{"line":49,"column":18}}]},"28":{"type":"branch","line":52,"loc":{"start":{"line":52,"column":12},"end":{"line":52,"column":67}},"locations":[{"start":{"line":52,"column":12},"end":{"line":52,"column":67}}]},"29":{"type":"branch","line":54,"loc":{"start":{"line":54,"column":33},"end":{"line":58,"column":3}},"locations":[{"start":{"line":54,"column":33},"end":{"line":58,"column":3}}]},"30":{"type":"branch","line":55,"loc":{"start":{"line":55,"column":20},"end":{"line":55,"column":86}},"locations":[{"start":{"line":55,"column":20},"end":{"line":55,"column":86}}]},"31":{"type":"branch","line":55,"loc":{"start":{"line":55,"column":50},"end":{"line":55,"column":60}},"locations":[{"start":{"line":55,"column":50},"end":{"line":55,"column":60}}]},"32":{"type":"branch","line":55,"loc":{"start":{"line":55,"column":82},"end":{"line":55,"column":91}},"locations":[{"start":{"line":55,"column":82},"end":{"line":55,"column":91}}]},"33":{"type":"branch","line":56,"loc":{"start":{"line":56,"column":19},"end":{"line":56,"column":88}},"locations":[{"start":{"line":56,"column":19},"end":{"line":56,"column":88}}]},"34":{"type":"branch","line":56,"loc":{"start":{"line":56,"column":41},"end":{"line":56,"column":56}},"locations":[{"start":{"line":56,"column":41},"end":{"line":56,"column":56}}]},"35":{"type":"branch","line":56,"loc":{"start":{"line":56,"column":75},"end":{"line":56,"column":93}},"locations":[{"start":{"line":56,"column":75},"end":{"line":56,"column":93}}]},"36":{"type":"branch","line":57,"loc":{"start":{"line":57,"column":11},"end":{"line":57,"column":29}},"locations":[{"start":{"line":57,"column":11},"end":{"line":57,"column":29}}]},"37":{"type":"branch","line":60,"loc":{"start":{"line":60,"column":2},"end":{"line":75,"column":3}},"locations":[{"start":{"line":60,"column":2},"end":{"line":75,"column":3}}]},"38":{"type":"branch","line":61,"loc":{"start":{"line":61,"column":14},"end":{"line":61,"column":35}},"locations":[{"start":{"line":61,"column":14},"end":{"line":61,"column":35}}]},"39":{"type":"branch","line":73,"loc":{"start":{"line":73,"column":66},"end":{"line":74,"column":72}},"locations":[{"start":{"line":73,"column":66},"end":{"line":74,"column":72}}]},"40":{"type":"branch","line":77,"loc":{"start":{"line":77,"column":2},"end":{"line":86,"column":3}},"locations":[{"start":{"line":77,"column":2},"end":{"line":86,"column":3}}]},"41":{"type":"branch","line":78,"loc":{"start":{"line":78,"column":144},"end":{"line":78,"column":151}},"locations":[{"start":{"line":78,"column":144},"end":{"line":78,"column":151}}]},"42":{"type":"branch","line":83,"loc":{"start":{"line":83,"column":4},"end":{"line":85,"column":5}},"locations":[{"start":{"line":83,"column":4},"end":{"line":85,"column":5}}]},"43":{"type":"branch","line":130,"loc":{"start":{"line":130,"column":68},"end":{"line":130,"column":105}},"locations":[{"start":{"line":130,"column":68},"end":{"line":130,"column":105}}]},"44":{"type":"branch","line":131,"loc":{"start":{"line":131,"column":77},"end":{"line":131,"column":113}},"locations":[{"start":{"line":131,"column":77},"end":{"line":131,"column":113}}]},"45":{"type":"branch","line":135,"loc":{"start":{"line":135,"column":22},"end":{"line":148,"column":16}},"locations":[{"start":{"line":135,"column":22},"end":{"line":148,"column":16}}]},"46":{"type":"branch","line":140,"loc":{"start":{"line":140,"column":45},"end":{"line":140,"column":63}},"locations":[{"start":{"line":140,"column":45},"end":{"line":140,"column":63}}]},"47":{"type":"branch","line":141,"loc":{"start":{"line":141,"column":43},"end":{"line":141,"column":56}},"locations":[{"start":{"line":141,"column":43},"end":{"line":141,"column":56}}]},"48":{"type":"branch","line":146,"loc":{"start":{"line":146,"column":28},"end":{"line":146,"column":158}},"locations":[{"start":{"line":146,"column":28},"end":{"line":146,"column":158}}]},"49":{"type":"branch","line":140,"loc":{"start":{"line":140,"column":67},"end":{"line":140,"column":85}},"locations":[{"start":{"line":140,"column":67},"end":{"line":140,"column":85}}]},"50":{"type":"branch","line":141,"loc":{"start":{"line":141,"column":60},"end":{"line":141,"column":84}},"locations":[{"start":{"line":141,"column":60},"end":{"line":141,"column":84}}]},"51":{"type":"branch","line":145,"loc":{"start":{"line":145,"column":54},"end":{"line":145,"column":89}},"locations":[{"start":{"line":145,"column":54},"end":{"line":145,"column":89}}]},"52":{"type":"branch","line":146,"loc":{"start":{"line":146,"column":81},"end":{"line":146,"column":145}},"locations":[{"start":{"line":146,"column":81},"end":{"line":146,"column":145}}]},"53":{"type":"branch","line":168,"loc":{"start":{"line":168,"column":55},"end":{"line":168,"column":86}},"locations":[{"start":{"line":168,"column":55},"end":{"line":168,"column":86}}]},"54":{"type":"branch","line":186,"loc":{"start":{"line":186,"column":55},"end":{"line":186,"column":84}},"locations":[{"start":{"line":186,"column":55},"end":{"line":186,"column":84}}]}},"b":{"0":[28],"1":[22],"2":[24],"3":[24],"4":[24],"5":[24],"6":[2],"7":[4],"8":[18],"9":[1],"10":[2],"11":[28],"12":[6],"13":[22],"14":[13],"15":[13],"16":[168],"17":[146],"18":[13],"19":[11],"20":[0],"21":[11],"22":[0],"23":[17],"24":[4],"25":[13],"26":[9],"27":[8],"28":[15],"29":[13],"30":[4],"31":[0],"32":[9],"33":[2],"34":[0],"35":[11],"36":[11],"37":[1],"38":[0],"39":[0],"40":[1],"41":[0],"42":[0],"43":[1],"44":[1],"45":[11],"46":[0],"47":[0],"48":[10],"49":[11],"50":[11],"51":[1],"52":[1],"53":[1],"54":[1]},"fnMap":{"0":{"name":"OrderManagement","decl":{"start":{"line":5,"column":0},"end":{"line":193,"column":1}},"loc":{"start":{"line":5,"column":0},"end":{"line":193,"column":1}},"line":5},"1":{"name":"getParam","decl":{"start":{"line":14,"column":19},"end":{"line":14,"column":84}},"loc":{"start":{"line":14,"column":19},"end":{"line":14,"column":84}},"line":14},"2":{"name":"refreshOrders","decl":{"start":{"line":42,"column":2},"end":{"line":50,"column":3}},"loc":{"start":{"line":42,"column":2},"end":{"line":50,"column":3}},"line":42},"3":{"name":"submitOrder","decl":{"start":{"line":60,"column":2},"end":{"line":75,"column":3}},"loc":{"start":{"line":60,"column":2},"end":{"line":75,"column":3}},"line":60},"4":{"name":"doCancel","decl":{"start":{"line":77,"column":2},"end":{"line":86,"column":3}},"loc":{"start":{"line":77,"column":2},"end":{"line":86,"column":3}},"line":77},"5":{"name":"onChange","decl":{"start":{"line":114,"column":50},"end":{"line":114,"column":85}},"loc":{"start":{"line":114,"column":50},"end":{"line":114,"column":85}},"line":114},"6":{"name":"onChange","decl":{"start":{"line":122,"column":53},"end":{"line":122,"column":92}},"loc":{"start":{"line":122,"column":53},"end":{"line":122,"column":92}},"line":122},"7":{"name":"onChange","decl":{"start":{"line":130,"column":68},"end":{"line":130,"column":105}},"loc":{"start":{"line":130,"column":68},"end":{"line":130,"column":105}},"line":130},"8":{"name":"onChange","decl":{"start":{"line":131,"column":77},"end":{"line":131,"column":113}},"loc":{"start":{"line":131,"column":77},"end":{"line":131,"column":113}},"line":131},"9":{"name":"onClick","decl":{"start":{"line":145,"column":54},"end":{"line":145,"column":89}},"loc":{"start":{"line":145,"column":54},"end":{"line":145,"column":89}},"line":145},"10":{"name":"onClick","decl":{"start":{"line":146,"column":81},"end":{"line":146,"column":145}},"loc":{"start":{"line":146,"column":81},"end":{"line":146,"column":145}},"line":146},"11":{"name":"onClick","decl":{"start":{"line":157,"column":53},"end":{"line":157,"column":82}},"loc":{"start":{"line":157,"column":53},"end":{"line":157,"column":82}},"line":157},"12":{"name":"onClick","decl":{"start":{"line":167,"column":54},"end":{"line":167,"column":83}},"loc":{"start":{"line":167,"column":54},"end":{"line":167,"column":83}},"line":167},"13":{"name":"onClick","decl":{"start":{"line":168,"column":55},"end":{"line":168,"column":86}},"loc":{"start":{"line":168,"column":55},"end":{"line":168,"column":86}},"line":168},"14":{"name":"onClick","decl":{"start":{"line":179,"column":53},"end":{"line":179,"column":82}},"loc":{"start":{"line":179,"column":53},"end":{"line":179,"column":82}},"line":179},"15":{"name":"onClick","decl":{"start":{"line":186,"column":55},"end":{"line":186,"column":84}},"loc":{"start":{"line":186,"column":55},"end":{"line":186,"column":84}},"line":186}},"f":{"0":28,"1":168,"2":17,"3":1,"4":1,"5":0,"6":0,"7":1,"8":1,"9":1,"10":1,"11":0,"12":0,"13":1,"14":0,"15":1}}
,"D:\\HW\\CS3601\\CS3604\\Ticket_Management\\frontend\\src\\pages\\Payment.tsx": {"path":"D:\\HW\\CS3601\\CS3604\\Ticket_Management\\frontend\\src\\pages\\Payment.tsx","all":false,"statementMap":{"0":{"start":{"line":1,"column":0},"end":{"line":1,"column":51}},"1":{"start":{"line":2,"column":0},"end":{"line":2,"column":0}},"2":{"start":{"line":3,"column":0},"end":{"line":3,"column":36}},"3":{"start":{"line":4,"column":0},"end":{"line":4,"column":0}},"4":{"start":{"line":5,"column":0},"end":{"line":5,"column":35}},"5":{"start":{"line":6,"column":0},"end":{"line":6,"column":34}},"6":{"start":{"line":7,"column":0},"end":{"line":7,"column":2}},"7":{"start":{"line":8,"column":0},"end":{"line":8,"column":53}},"8":{"start":{"line":9,"column":0},"end":{"line":9,"column":53}},"9":{"start":{"line":10,"column":0},"end":{"line":10,"column":0}},"10":{"start":{"line":11,"column":0},"end":{"line":11,"column":19}},"11":{"start":{"line":12,"column":0},"end":{"line":12,"column":43}},"12":{"start":{"line":13,"column":0},"end":{"line":13,"column":41}},"13":{"start":{"line":14,"column":0},"end":{"line":14,"column":37}},"14":{"start":{"line":15,"column":0},"end":{"line":15,"column":42}},"15":{"start":{"line":16,"column":0},"end":{"line":16,"column":77}},"16":{"start":{"line":17,"column":0},"end":{"line":17,"column":49}},"17":{"start":{"line":18,"column":0},"end":{"line":18,"column":33}},"18":{"start":{"line":19,"column":0},"end":{"line":19,"column":9}},"19":{"start":{"line":20,"column":0},"end":{"line":20,"column":0}},"20":{"start":{"line":21,"column":0},"end":{"line":21,"column":27}},"21":{"start":{"line":22,"column":0},"end":{"line":22,"column":34}},"22":{"start":{"line":23,"column":0},"end":{"line":23,"column":19}},"23":{"start":{"line":24,"column":0},"end":{"line":24,"column":9}},"24":{"start":{"line":25,"column":0},"end":{"line":25,"column":43}},"25":{"start":{"line":26,"column":0},"end":{"line":26,"column":40}},"26":{"start":{"line":27,"column":0},"end":{"line":27,"column":6}},"27":{"start":{"line":28,"column":0},"end":{"line":28,"column":42}},"28":{"start":{"line":29,"column":0},"end":{"line":29,"column":123}},"29":{"start":{"line":30,"column":0},"end":{"line":30,"column":45}},"30":{"start":{"line":31,"column":0},"end":{"line":31,"column":46}},"31":{"start":{"line":32,"column":0},"end":{"line":32,"column":6}},"32":{"start":{"line":33,"column":0},"end":{"line":33,"column":67}},"33":{"start":{"line":34,"column":0},"end":{"line":34,"column":6}},"34":{"start":{"line":35,"column":0},"end":{"line":35,"column":74}},"35":{"start":{"line":36,"column":0},"end":{"line":36,"column":40}},"36":{"start":{"line":37,"column":0},"end":{"line":37,"column":60}},"37":{"start":{"line":38,"column":0},"end":{"line":38,"column":6}},"38":{"start":{"line":39,"column":0},"end":{"line":39,"column":37}},"39":{"start":{"line":40,"column":0},"end":{"line":40,"column":23}},"40":{"start":{"line":41,"column":0},"end":{"line":41,"column":52}},"41":{"start":{"line":42,"column":0},"end":{"line":42,"column":9}},"42":{"start":{"line":43,"column":0},"end":{"line":43,"column":6}},"43":{"start":{"line":44,"column":0},"end":{"line":44,"column":41}},"44":{"start":{"line":45,"column":0},"end":{"line":45,"column":40}},"45":{"start":{"line":46,"column":0},"end":{"line":46,"column":6}},"46":{"start":{"line":47,"column":0},"end":{"line":47,"column":34}},"47":{"start":{"line":48,"column":0},"end":{"line":48,"column":36}},"48":{"start":{"line":49,"column":0},"end":{"line":49,"column":6}},"49":{"start":{"line":50,"column":0},"end":{"line":50,"column":17}},"50":{"start":{"line":51,"column":0},"end":{"line":51,"column":33}},"51":{"start":{"line":52,"column":0},"end":{"line":52,"column":35}},"52":{"start":{"line":53,"column":0},"end":{"line":53,"column":47}},"53":{"start":{"line":54,"column":0},"end":{"line":54,"column":8}},"54":{"start":{"line":55,"column":0},"end":{"line":55,"column":26}},"55":{"start":{"line":56,"column":0},"end":{"line":56,"column":127}},"56":{"start":{"line":57,"column":0},"end":{"line":57,"column":44}},"57":{"start":{"line":58,"column":0},"end":{"line":58,"column":40}},"58":{"start":{"line":59,"column":0},"end":{"line":59,"column":37}},"59":{"start":{"line":60,"column":0},"end":{"line":60,"column":16}},"60":{"start":{"line":61,"column":0},"end":{"line":61,"column":45}},"61":{"start":{"line":62,"column":0},"end":{"line":62,"column":14}},"62":{"start":{"line":63,"column":0},"end":{"line":63,"column":34}},"63":{"start":{"line":64,"column":0},"end":{"line":64,"column":72}},"64":{"start":{"line":65,"column":0},"end":{"line":65,"column":41}},"65":{"start":{"line":66,"column":0},"end":{"line":66,"column":27}},"66":{"start":{"line":67,"column":0},"end":{"line":67,"column":7}},"67":{"start":{"line":68,"column":0},"end":{"line":68,"column":21}},"68":{"start":{"line":69,"column":0},"end":{"line":69,"column":40}},"69":{"start":{"line":70,"column":0},"end":{"line":70,"column":25}},"70":{"start":{"line":71,"column":0},"end":{"line":71,"column":5}},"71":{"start":{"line":72,"column":0},"end":{"line":72,"column":34}},"72":{"start":{"line":73,"column":0},"end":{"line":73,"column":4}},"73":{"start":{"line":74,"column":0},"end":{"line":74,"column":0}},"74":{"start":{"line":75,"column":0},"end":{"line":75,"column":10}},"75":{"start":{"line":76,"column":0},"end":{"line":76,"column":26}},"76":{"start":{"line":77,"column":0},"end":{"line":77,"column":47}},"77":{"start":{"line":78,"column":0},"end":{"line":78,"column":34}},"78":{"start":{"line":79,"column":0},"end":{"line":79,"column":32}},"79":{"start":{"line":80,"column":0},"end":{"line":80,"column":29}},"80":{"start":{"line":81,"column":0},"end":{"line":81,"column":12}},"81":{"start":{"line":82,"column":0},"end":{"line":82,"column":29}},"82":{"start":{"line":83,"column":0},"end":{"line":83,"column":23}},"83":{"start":{"line":84,"column":0},"end":{"line":84,"column":12}},"84":{"start":{"line":85,"column":0},"end":{"line":85,"column":22}},"85":{"start":{"line":86,"column":0},"end":{"line":86,"column":21}},"86":{"start":{"line":87,"column":0},"end":{"line":87,"column":21}},"87":{"start":{"line":88,"column":0},"end":{"line":88,"column":13}},"88":{"start":{"line":89,"column":0},"end":{"line":89,"column":12}},"89":{"start":{"line":90,"column":0},"end":{"line":90,"column":63}},"90":{"start":{"line":91,"column":0},"end":{"line":91,"column":56}},"91":{"start":{"line":92,"column":0},"end":{"line":92,"column":39}},"92":{"start":{"line":93,"column":0},"end":{"line":93,"column":16}},"93":{"start":{"line":94,"column":0},"end":{"line":94,"column":24}},"94":{"start":{"line":95,"column":0},"end":{"line":95,"column":28}},"95":{"start":{"line":96,"column":0},"end":{"line":96,"column":12}},"96":{"start":{"line":97,"column":0},"end":{"line":97,"column":10}},"97":{"start":{"line":98,"column":0},"end":{"line":98,"column":4}},"98":{"start":{"line":99,"column":0},"end":{"line":99,"column":1}}},"s":{"0":1,"1":1,"2":1,"3":1,"4":22,"5":22,"6":22,"7":22,"8":22,"9":22,"10":22,"11":9,"12":9,"13":9,"14":9,"15":9,"16":9,"17":9,"18":22,"19":22,"20":22,"21":2,"22":2,"23":2,"24":2,"25":2,"26":2,"27":2,"28":2,"29":2,"30":2,"31":2,"32":2,"33":2,"34":2,"35":2,"36":2,"37":2,"38":2,"39":2,"40":2,"41":2,"42":2,"43":2,"44":2,"45":2,"46":2,"47":2,"48":2,"49":2,"50":1,"51":1,"52":1,"53":1,"54":1,"55":1,"56":1,"57":1,"58":1,"59":1,"60":1,"61":1,"62":1,"63":1,"64":1,"65":1,"66":1,"67":2,"68":0,"69":0,"70":0,"71":2,"72":2,"73":22,"74":22,"75":22,"76":22,"77":22,"78":22,"79":22,"80":22,"81":22,"82":22,"83":22,"84":22,"85":22,"86":22,"87":22,"88":22,"89":22,"90":22,"91":2,"92":2,"93":22,"94":22,"95":22,"96":22,"97":22,"98":22},"branchMap":{"0":{"type":"branch","line":5,"loc":{"start":{"line":5,"column":0},"end":{"line":99,"column":1}},"locations":[{"start":{"line":5,"column":0},"end":{"line":99,"column":1}}]},"1":{"type":"branch","line":11,"loc":{"start":{"line":11,"column":12},"end":{"line":19,"column":5}},"locations":[{"start":{"line":11,"column":12},"end":{"line":19,"column":5}}]},"2":{"type":"branch","line":13,"loc":{"start":{"line":13,"column":30},"end":{"line":13,"column":41}},"locations":[{"start":{"line":13,"column":30},"end":{"line":13,"column":41}}]},"3":{"type":"branch","line":16,"loc":{"start":{"line":16,"column":57},"end":{"line":16,"column":70}},"locations":[{"start":{"line":16,"column":57},"end":{"line":16,"column":70}}]},"4":{"type":"branch","line":21,"loc":{"start":{"line":21,"column":14},"end":{"line":73,"column":4}},"locations":[{"start":{"line":21,"column":14},"end":{"line":73,"column":4}}]},"5":{"type":"branch","line":25,"loc":{"start":{"line":25,"column":32},"end":{"line":25,"column":43}},"locations":[{"start":{"line":25,"column":32},"end":{"line":25,"column":43}}]},"6":{"type":"branch","line":29,"loc":{"start":{"line":29,"column":52},"end":{"line":29,"column":116}},"locations":[{"start":{"line":29,"column":52},"end":{"line":29,"column":116}}]},"7":{"type":"branch","line":33,"loc":{"start":{"line":33,"column":53},"end":{"line":33,"column":67}},"locations":[{"start":{"line":33,"column":53},"end":{"line":33,"column":67}}]},"8":{"type":"branch","line":50,"loc":{"start":{"line":50,"column":16},"end":{"line":67,"column":7}},"locations":[{"start":{"line":50,"column":16},"end":{"line":67,"column":7}}]},"9":{"type":"branch","line":64,"loc":{"start":{"line":64,"column":61},"end":{"line":64,"column":72}},"locations":[{"start":{"line":64,"column":61},"end":{"line":64,"column":72}}]},"10":{"type":"branch","line":68,"loc":{"start":{"line":68,"column":4},"end":{"line":71,"column":5}},"locations":[{"start":{"line":68,"column":4},"end":{"line":71,"column":5}}]},"11":{"type":"branch","line":55,"loc":{"start":{"line":55,"column":19},"end":{"line":60,"column":11}},"locations":[{"start":{"line":55,"column":19},"end":{"line":60,"column":11}}]},"12":{"type":"branch","line":91,"loc":{"start":{"line":91,"column":49},"end":{"line":94,"column":11}},"locations":[{"start":{"line":91,"column":49},"end":{"line":94,"column":11}}]}},"b":{"0":[22],"1":[9],"2":[0],"3":[0],"4":[2],"5":[0],"6":[0],"7":[0],"8":[1],"9":[0],"10":[0],"11":[1],"12":[2]},"fnMap":{"0":{"name":"Payment","decl":{"start":{"line":5,"column":0},"end":{"line":99,"column":1}},"loc":{"start":{"line":5,"column":0},"end":{"line":99,"column":1}},"line":5},"1":{"name":"pay","decl":{"start":{"line":21,"column":14},"end":{"line":73,"column":4}},"loc":{"start":{"line":21,"column":14},"end":{"line":73,"column":4}},"line":21},"2":{"name":"onClick","decl":{"start":{"line":91,"column":49},"end":{"line":94,"column":11}},"loc":{"start":{"line":91,"column":49},"end":{"line":94,"column":11}},"line":91}},"f":{"0":22,"1":2,"2":2}}
}
