TN:
SF:src\app.js
FN:9,(anonymous_0)
FNF:1
FNH:0
FNDA:0,(anonymous_0)
DA:1,1
DA:2,1
DA:3,1
DA:5,1
DA:6,1
DA:7,1
DA:8,1
DA:9,1
DA:10,0
DA:12,1
DA:14,1
LF:11
LH:10
BRF:0
BRH:0
end_of_record
TN:
SF:src\data\serviceHours.js
FN:1,getServiceHours
FNF:1
FNH:1
FNDA:4,getServiceHours
DA:2,4
DA:3,4
DA:4,4
DA:7,2
LF:4
LH:4
BRF:0
BRH:0
end_of_record
TN:
SF:src\data\siteMetadata.js
FN:3,getSiteMetadata
FNF:1
FNH:1
FNDA:4,getSiteMetadata
DA:1,2
DA:4,4
DA:25,2
LF:3
LH:3
BRF:0
BRH:0
end_of_record
TN:
SF:src\routes\site.js
FN:5,(anonymous_0)
FNF:1
FNH:1
FNDA:2,(anonymous_0)
DA:1,1
DA:2,1
DA:3,1
DA:5,1
DA:6,2
DA:7,2
DA:10,1
LF:7
LH:7
BRF:0
BRH:0
end_of_record
