{"D:\\HW\\CS3601\\CS3604\\Ticket_Management\\backend\\src\\app.js": {"path":"D:\\HW\\CS3601\\CS3604\\Ticket_Management\\backend\\src\\app.js","statementMap":{"0":{"start":{"line":1,"column":16},"end":{"line":1,"column":34}},"1":{"start":{"line":2,"column":13},"end":{"line":2,"column":28}},"2":{"start":{"line":3,"column":13},"end":{"line":3,"column":28}},"3":{"start":{"line":4,"column":12},"end":{"line":4,"column":21}},"4":{"start":{"line":5,"column":0},"end":{"line":5,"column":16}},"5":{"start":{"line":6,"column":0},"end":{"line":6,"column":24}},"6":{"start":{"line":8,"column":23},"end":{"line":8,"column":51}},"7":{"start":{"line":9,"column":20},"end":{"line":9,"column":45}},"8":{"start":{"line":10,"column":21},"end":{"line":10,"column":47}},"9":{"start":{"line":12,"column":0},"end":{"line":12,"column":44}},"10":{"start":{"line":13,"column":0},"end":{"line":13,"column":38}},"11":{"start":{"line":14,"column":0},"end":{"line":14,"column":40}},"12":{"start":{"line":17,"column":0},"end":{"line":24,"column":3}},"13":{"start":{"line":18,"column":14},"end":{"line":18,"column":33}},"14":{"start":{"line":19,"column":22},"end":{"line":21,"column":30}},"15":{"start":{"line":22,"column":2},"end":{"line":22,"column":59}},"16":{"start":{"line":23,"column":2},"end":{"line":23,"column":28}},"17":{"start":{"line":30,"column":0},"end":{"line":30,"column":25}}},"fnMap":{"0":{"name":"(anonymous_0)","decl":{"start":{"line":17,"column":13},"end":{"line":17,"column":14}},"loc":{"start":{"line":17,"column":27},"end":{"line":24,"column":1}},"line":17}},"branchMap":{"0":{"loc":{"start":{"line":18,"column":14},"end":{"line":18,"column":33}},"type":"binary-expr","locations":[{"start":{"line":18,"column":14},"end":{"line":18,"column":27}},{"start":{"line":18,"column":31},"end":{"line":18,"column":33}}],"line":18},"1":{"loc":{"start":{"line":19,"column":22},"end":{"line":21,"column":30}},"type":"cond-expr","locations":[{"start":{"line":20,"column":6},"end":{"line":20,"column":61}},{"start":{"line":21,"column":6},"end":{"line":21,"column":30}}],"line":19}},"s":{"0":3,"1":3,"2":3,"3":3,"4":3,"5":3,"6":3,"7":3,"8":3,"9":3,"10":3,"11":3,"12":3,"13":0,"14":0,"15":0,"16":0,"17":3},"f":{"0":0},"b":{"0":[0,0],"1":[0,0]},"_coverageSchema":"1a1c01bbd47fc00a2c39e90264f33305004495a9","hash":"1c52b8f5cb6d63b1855a4b1ca6fb24f0e42138d1"}
,"D:\\HW\\CS3601\\CS3604\\Ticket_Management\\backend\\src\\routes\\contacts.js": {"path":"D:\\HW\\CS3601\\CS3604\\Ticket_Management\\backend\\src\\routes\\contacts.js","statementMap":{"0":{"start":{"line":1,"column":16},"end":{"line":1,"column":34}},"1":{"start":{"line":2,"column":15},"end":{"line":2,"column":31}},"2":{"start":{"line":4,"column":0},"end":{"line":15,"column":3}},"3":{"start":{"line":5,"column":19},"end":{"line":13,"column":3}},"4":{"start":{"line":14,"column":2},"end":{"line":14,"column":25}},"5":{"start":{"line":17,"column":0},"end":{"line":17,"column":24}}},"fnMap":{"0":{"name":"(anonymous_0)","decl":{"start":{"line":4,"column":16},"end":{"line":4,"column":17}},"loc":{"start":{"line":4,"column":30},"end":{"line":15,"column":1}},"line":4}},"branchMap":{},"s":{"0":3,"1":3,"2":3,"3":1,"4":1,"5":3},"f":{"0":1},"b":{},"_coverageSchema":"1a1c01bbd47fc00a2c39e90264f33305004495a9","hash":"9e7349e598292da6d01a83cab8e14fcb6da06789"}
,"D:\\HW\\CS3601\\CS3604\\Ticket_Management\\backend\\src\\routes\\orders.js": {"path":"D:\\HW\\CS3601\\CS3604\\Ticket_Management\\backend\\src\\routes\\orders.js","statementMap":{"0":{"start":{"line":1,"column":16},"end":{"line":1,"column":34}},"1":{"start":{"line":2,"column":15},"end":{"line":2,"column":32}},"2":{"start":{"line":3,"column":15},"end":{"line":3,"column":31}},"3":{"start":{"line":4,"column":22},"end":{"line":4,"column":31}},"4":{"start":{"line":5,"column":26},"end":{"line":5,"column":35}},"5":{"start":{"line":8,"column":2},"end":{"line":8,"column":32}},"6":{"start":{"line":8,"column":19},"end":{"line":8,"column":32}},"7":{"start":{"line":9,"column":12},"end":{"line":9,"column":53}},"8":{"start":{"line":10,"column":2},"end":{"line":10,"column":23}},"9":{"start":{"line":10,"column":10},"end":{"line":10,"column":23}},"10":{"start":{"line":11,"column":16},"end":{"line":11,"column":20}},"11":{"start":{"line":12,"column":2},"end":{"line":12,"column":53}},"12":{"start":{"line":12,"column":41},"end":{"line":12,"column":53}},"13":{"start":{"line":14,"column":2},"end":{"line":14,"column":39}},"14":{"start":{"line":14,"column":27},"end":{"line":14,"column":39}},"15":{"start":{"line":15,"column":2},"end":{"line":15,"column":48}},"16":{"start":{"line":15,"column":36},"end":{"line":15,"column":48}},"17":{"start":{"line":16,"column":16},"end":{"line":16,"column":28}},"18":{"start":{"line":17,"column":2},"end":{"line":24,"column":3}},"19":{"start":{"line":18,"column":4},"end":{"line":23,"column":18}},"20":{"start":{"line":19,"column":16},"end":{"line":21,"column":8}},"21":{"start":{"line":22,"column":6},"end":{"line":22,"column":40}},"22":{"start":{"line":22,"column":28},"end":{"line":22,"column":40}},"23":{"start":{"line":25,"column":2},"end":{"line":25,"column":15}},"24":{"start":{"line":29,"column":17},"end":{"line":29,"column":41}},"25":{"start":{"line":30,"column":13},"end":{"line":30,"column":40}},"26":{"start":{"line":31,"column":2},"end":{"line":31,"column":66}},"27":{"start":{"line":31,"column":11},"end":{"line":31,"column":66}},"28":{"start":{"line":32,"column":16},"end":{"line":32,"column":56}},"29":{"start":{"line":33,"column":2},"end":{"line":33,"column":24}},"30":{"start":{"line":34,"column":2},"end":{"line":34,"column":9}},"31":{"start":{"line":37,"column":0},"end":{"line":98,"column":3}},"32":{"start":{"line":38,"column":2},"end":{"line":38,"column":70}},"33":{"start":{"line":39,"column":86},"end":{"line":39,"column":100}},"34":{"start":{"line":40,"column":2},"end":{"line":42,"column":3}},"35":{"start":{"line":41,"column":4},"end":{"line":41,"column":86}},"36":{"start":{"line":43,"column":2},"end":{"line":45,"column":3}},"37":{"start":{"line":44,"column":4},"end":{"line":44,"column":86}},"38":{"start":{"line":46,"column":2},"end":{"line":46,"column":46}},"39":{"start":{"line":47,"column":19},"end":{"line":47,"column":53}},"40":{"start":{"line":48,"column":43},"end":{"line":48,"column":45}},"41":{"start":{"line":48,"column":55},"end":{"line":48,"column":59}},"42":{"start":{"line":48,"column":61},"end":{"line":48,"column":144}},"43":{"start":{"line":48,"column":74},"end":{"line":48,"column":77}},"44":{"start":{"line":48,"column":93},"end":{"line":48,"column":118}},"45":{"start":{"line":48,"column":119},"end":{"line":48,"column":142}},"46":{"start":{"line":48,"column":145},"end":{"line":48,"column":154}},"47":{"start":{"line":50,"column":18},"end":{"line":50,"column":40}},"48":{"start":{"line":51,"column":14},"end":{"line":51,"column":16}},"49":{"start":{"line":51,"column":25},"end":{"line":51,"column":26}},"50":{"start":{"line":51,"column":36},"end":{"line":51,"column":37}},"51":{"start":{"line":52,"column":4},"end":{"line":59,"column":5}},"52":{"start":{"line":52,"column":17},"end":{"line":52,"column":18}},"53":{"start":{"line":53,"column":6},"end":{"line":53,"column":38}},"54":{"start":{"line":54,"column":6},"end":{"line":54,"column":16}},"55":{"start":{"line":55,"column":6},"end":{"line":58,"column":7}},"56":{"start":{"line":56,"column":8},"end":{"line":56,"column":53}},"57":{"start":{"line":57,"column":8},"end":{"line":57,"column":18}},"58":{"start":{"line":60,"column":4},"end":{"line":63,"column":5}},"59":{"start":{"line":61,"column":6},"end":{"line":61,"column":64}},"60":{"start":{"line":61,"column":20},"end":{"line":61,"column":64}},"61":{"start":{"line":62,"column":6},"end":{"line":62,"column":50}},"62":{"start":{"line":62,"column":31},"end":{"line":62,"column":50}},"63":{"start":{"line":64,"column":4},"end":{"line":64,"column":15}},"64":{"start":{"line":66,"column":24},"end":{"line":66,"column":99}},"65":{"start":{"line":67,"column":19},"end":{"line":67,"column":32}},"66":{"start":{"line":68,"column":22},"end":{"line":68,"column":27}},"67":{"start":{"line":69,"column":16},"end":{"line":69,"column":29}},"68":{"start":{"line":70,"column":14},"end":{"line":70,"column":41}},"69":{"start":{"line":71,"column":15},"end":{"line":71,"column":43}},"70":{"start":{"line":74,"column":16},"end":{"line":78,"column":5}},"71":{"start":{"line":74,"column":40},"end":{"line":78,"column":3}},"72":{"start":{"line":79,"column":2},"end":{"line":79,"column":36}},"73":{"start":{"line":81,"column":2},"end":{"line":95,"column":5}},"74":{"start":{"line":85,"column":37},"end":{"line":91,"column":5}},"75":{"start":{"line":96,"column":2},"end":{"line":96,"column":31}},"76":{"start":{"line":97,"column":2},"end":{"line":97,"column":68}},"77":{"start":{"line":100,"column":0},"end":{"line":144,"column":3}},"78":{"start":{"line":101,"column":17},"end":{"line":101,"column":41}},"79":{"start":{"line":102,"column":21},"end":{"line":102,"column":36}},"80":{"start":{"line":103,"column":2},"end":{"line":132,"column":3}},"81":{"start":{"line":104,"column":15},"end":{"line":104,"column":42}},"82":{"start":{"line":105,"column":4},"end":{"line":105,"column":68}},"83":{"start":{"line":105,"column":13},"end":{"line":105,"column":68}},"84":{"start":{"line":106,"column":18},"end":{"line":106,"column":58}},"85":{"start":{"line":107,"column":16},"end":{"line":107,"column":43}},"86":{"start":{"line":108,"column":17},"end":{"line":108,"column":45}},"87":{"start":{"line":109,"column":30},"end":{"line":109,"column":139}},"88":{"start":{"line":110,"column":16},"end":{"line":110,"column":26}},"89":{"start":{"line":111,"column":4},"end":{"line":119,"column":7}},"90":{"start":{"line":112,"column":6},"end":{"line":117,"column":7}},"91":{"start":{"line":113,"column":23},"end":{"line":113,"column":54}},"92":{"start":{"line":114,"column":8},"end":{"line":116,"column":9}},"93":{"start":{"line":115,"column":10},"end":{"line":115,"column":46}},"94":{"start":{"line":118,"column":6},"end":{"line":118,"column":15}},"95":{"start":{"line":120,"column":4},"end":{"line":120,"column":35}},"96":{"start":{"line":121,"column":19},"end":{"line":121,"column":25}},"97":{"start":{"line":122,"column":4},"end":{"line":130,"column":5}},"98":{"start":{"line":123,"column":6},"end":{"line":129,"column":7}},"99":{"start":{"line":124,"column":8},"end":{"line":124,"column":91}},"100":{"start":{"line":124,"column":38},"end":{"line":124,"column":89}},"101":{"start":{"line":125,"column":13},"end":{"line":129,"column":7}},"102":{"start":{"line":126,"column":8},"end":{"line":126,"column":59}},"103":{"start":{"line":126,"column":38},"end":{"line":126,"column":57}},"104":{"start":{"line":128,"column":8},"end":{"line":128,"column":75}},"105":{"start":{"line":128,"column":38},"end":{"line":128,"column":73}},"106":{"start":{"line":131,"column":4},"end":{"line":131,"column":42}},"107":{"start":{"line":133,"column":17},"end":{"line":141,"column":3}},"108":{"start":{"line":142,"column":17},"end":{"line":142,"column":82}},"109":{"start":{"line":143,"column":2},"end":{"line":143,"column":23}},"110":{"start":{"line":146,"column":0},"end":{"line":172,"column":3}},"111":{"start":{"line":147,"column":23},"end":{"line":147,"column":33}},"112":{"start":{"line":148,"column":17},"end":{"line":148,"column":41}},"113":{"start":{"line":149,"column":2},"end":{"line":158,"column":3}},"114":{"start":{"line":150,"column":15},"end":{"line":150,"column":42}},"115":{"start":{"line":151,"column":4},"end":{"line":151,"column":68}},"116":{"start":{"line":151,"column":13},"end":{"line":151,"column":68}},"117":{"start":{"line":152,"column":18},"end":{"line":152,"column":58}},"118":{"start":{"line":153,"column":16},"end":{"line":153,"column":43}},"119":{"start":{"line":154,"column":19},"end":{"line":154,"column":47}},"120":{"start":{"line":155,"column":18},"end":{"line":155,"column":59}},"121":{"start":{"line":155,"column":35},"end":{"line":155,"column":58}},"122":{"start":{"line":156,"column":4},"end":{"line":156,"column":74}},"123":{"start":{"line":156,"column":16},"end":{"line":156,"column":74}},"124":{"start":{"line":157,"column":4},"end":{"line":157,"column":38}},"125":{"start":{"line":159,"column":2},"end":{"line":161,"column":3}},"126":{"start":{"line":160,"column":4},"end":{"line":160,"column":62}},"127":{"start":{"line":162,"column":16},"end":{"line":170,"column":3}},"128":{"start":{"line":171,"column":2},"end":{"line":171,"column":22}},"129":{"start":{"line":174,"column":0},"end":{"line":200,"column":3}},"130":{"start":{"line":175,"column":17},"end":{"line":175,"column":41}},"131":{"start":{"line":176,"column":2},"end":{"line":178,"column":3}},"132":{"start":{"line":177,"column":4},"end":{"line":177,"column":58}},"133":{"start":{"line":179,"column":16},"end":{"line":179,"column":56}},"134":{"start":{"line":180,"column":14},"end":{"line":180,"column":41}},"135":{"start":{"line":181,"column":16},"end":{"line":181,"column":53}},"136":{"start":{"line":182,"column":15},"end":{"line":182,"column":69}},"137":{"start":{"line":183,"column":18},"end":{"line":183,"column":72}},"138":{"start":{"line":184,"column":2},"end":{"line":186,"column":3}},"139":{"start":{"line":185,"column":4},"end":{"line":185,"column":106}},"140":{"start":{"line":187,"column":15},"end":{"line":187,"column":43}},"141":{"start":{"line":188,"column":14},"end":{"line":188,"column":69}},"142":{"start":{"line":188,"column":34},"end":{"line":188,"column":68}},"143":{"start":{"line":189,"column":2},"end":{"line":191,"column":3}},"144":{"start":{"line":190,"column":4},"end":{"line":190,"column":62}},"145":{"start":{"line":192,"column":16},"end":{"line":192,"column":25}},"146":{"start":{"line":193,"column":2},"end":{"line":195,"column":3}},"147":{"start":{"line":194,"column":4},"end":{"line":194,"column":87}},"148":{"start":{"line":196,"column":2},"end":{"line":196,"column":47}},"149":{"start":{"line":197,"column":2},"end":{"line":197,"column":31}},"150":{"start":{"line":198,"column":2},"end":{"line":198,"column":72}},"151":{"start":{"line":199,"column":2},"end":{"line":199,"column":49}},"152":{"start":{"line":202,"column":0},"end":{"line":215,"column":3}},"153":{"start":{"line":203,"column":23},"end":{"line":203,"column":33}},"154":{"start":{"line":204,"column":16},"end":{"line":204,"column":29}},"155":{"start":{"line":205,"column":14},"end":{"line":205,"column":41}},"156":{"start":{"line":206,"column":15},"end":{"line":206,"column":43}},"157":{"start":{"line":207,"column":14},"end":{"line":207,"column":58}},"158":{"start":{"line":207,"column":34},"end":{"line":207,"column":57}},"159":{"start":{"line":208,"column":2},"end":{"line":211,"column":3}},"160":{"start":{"line":209,"column":4},"end":{"line":209,"column":116}},"161":{"start":{"line":209,"column":30},"end":{"line":209,"column":116}},"162":{"start":{"line":210,"column":4},"end":{"line":210,"column":62}},"163":{"start":{"line":212,"column":2},"end":{"line":212,"column":28}},"164":{"start":{"line":213,"column":2},"end":{"line":213,"column":31}},"165":{"start":{"line":214,"column":2},"end":{"line":214,"column":81}},"166":{"start":{"line":217,"column":0},"end":{"line":217,"column":24}},"167":{"start":{"line":219,"column":12},"end":{"line":219,"column":45}},"168":{"start":{"line":220,"column":2},"end":{"line":220,"column":31}},"169":{"start":{"line":220,"column":9},"end":{"line":220,"column":31}},"170":{"start":{"line":221,"column":2},"end":{"line":221,"column":26}}},"fnMap":{"0":{"name":"verifySession","decl":{"start":{"line":7,"column":15},"end":{"line":7,"column":28}},"loc":{"start":{"line":7,"column":41},"end":{"line":26,"column":1}},"line":7},"1":{"name":"requireAuth","decl":{"start":{"line":28,"column":15},"end":{"line":28,"column":26}},"loc":{"start":{"line":28,"column":43},"end":{"line":35,"column":1}},"line":28},"2":{"name":"(anonymous_2)","decl":{"start":{"line":37,"column":30},"end":{"line":37,"column":31}},"loc":{"start":{"line":37,"column":44},"end":{"line":98,"column":1}},"line":37},"3":{"name":"encodeTime","decl":{"start":{"line":48,"column":11},"end":{"line":48,"column":21}},"loc":{"start":{"line":48,"column":33},"end":{"line":48,"column":156}},"line":48},"4":{"name":"encodeRandom","decl":{"start":{"line":49,"column":11},"end":{"line":49,"column":23}},"loc":{"start":{"line":49,"column":29},"end":{"line":65,"column":3}},"line":49},"5":{"name":"ulid","decl":{"start":{"line":66,"column":11},"end":{"line":66,"column":15}},"loc":{"start":{"line":66,"column":22},"end":{"line":66,"column":101}},"line":66},"6":{"name":"(anonymous_6)","decl":{"start":{"line":74,"column":31},"end":{"line":74,"column":32}},"loc":{"start":{"line":74,"column":40},"end":{"line":78,"column":3}},"line":74},"7":{"name":"(anonymous_7)","decl":{"start":{"line":85,"column":31},"end":{"line":85,"column":32}},"loc":{"start":{"line":85,"column":37},"end":{"line":91,"column":5}},"line":85},"8":{"name":"(anonymous_8)","decl":{"start":{"line":100,"column":16},"end":{"line":100,"column":17}},"loc":{"start":{"line":100,"column":36},"end":{"line":144,"column":1}},"line":100},"9":{"name":"(anonymous_9)","decl":{"start":{"line":111,"column":24},"end":{"line":111,"column":25}},"loc":{"start":{"line":111,"column":29},"end":{"line":119,"column":5}},"line":111},"10":{"name":"(anonymous_10)","decl":{"start":{"line":124,"column":33},"end":{"line":124,"column":34}},"loc":{"start":{"line":124,"column":38},"end":{"line":124,"column":89}},"line":124},"11":{"name":"(anonymous_11)","decl":{"start":{"line":126,"column":33},"end":{"line":126,"column":34}},"loc":{"start":{"line":126,"column":38},"end":{"line":126,"column":57}},"line":126},"12":{"name":"(anonymous_12)","decl":{"start":{"line":128,"column":33},"end":{"line":128,"column":34}},"loc":{"start":{"line":128,"column":38},"end":{"line":128,"column":73}},"line":128},"13":{"name":"(anonymous_13)","decl":{"start":{"line":146,"column":25},"end":{"line":146,"column":26}},"loc":{"start":{"line":146,"column":45},"end":{"line":172,"column":1}},"line":146},"14":{"name":"(anonymous_14)","decl":{"start":{"line":155,"column":30},"end":{"line":155,"column":31}},"loc":{"start":{"line":155,"column":35},"end":{"line":155,"column":58}},"line":155},"15":{"name":"(anonymous_15)","decl":{"start":{"line":174,"column":33},"end":{"line":174,"column":34}},"loc":{"start":{"line":174,"column":47},"end":{"line":200,"column":1}},"line":174},"16":{"name":"(anonymous_16)","decl":{"start":{"line":188,"column":29},"end":{"line":188,"column":30}},"loc":{"start":{"line":188,"column":34},"end":{"line":188,"column":68}},"line":188},"17":{"name":"(anonymous_17)","decl":{"start":{"line":202,"column":43},"end":{"line":202,"column":44}},"loc":{"start":{"line":202,"column":57},"end":{"line":215,"column":1}},"line":202},"18":{"name":"(anonymous_18)","decl":{"start":{"line":207,"column":29},"end":{"line":207,"column":30}},"loc":{"start":{"line":207,"column":34},"end":{"line":207,"column":57}},"line":207},"19":{"name":"identityKeyFromToken","decl":{"start":{"line":218,"column":9},"end":{"line":218,"column":29}},"loc":{"start":{"line":218,"column":37},"end":{"line":222,"column":1}},"line":218}},"branchMap":{"0":{"loc":{"start":{"line":8,"column":2},"end":{"line":8,"column":32}},"type":"if","locations":[{"start":{"line":8,"column":2},"end":{"line":8,"column":32}},{"start":{},"end":{}}],"line":8},"1":{"loc":{"start":{"line":10,"column":2},"end":{"line":10,"column":23}},"type":"if","locations":[{"start":{"line":10,"column":2},"end":{"line":10,"column":23}},{"start":{},"end":{}}],"line":10},"2":{"loc":{"start":{"line":12,"column":2},"end":{"line":12,"column":53}},"type":"if","locations":[{"start":{"line":12,"column":2},"end":{"line":12,"column":53}},{"start":{},"end":{}}],"line":12},"3":{"loc":{"start":{"line":14,"column":2},"end":{"line":14,"column":39}},"type":"if","locations":[{"start":{"line":14,"column":2},"end":{"line":14,"column":39}},{"start":{},"end":{}}],"line":14},"4":{"loc":{"start":{"line":15,"column":2},"end":{"line":15,"column":48}},"type":"if","locations":[{"start":{"line":15,"column":2},"end":{"line":15,"column":48}},{"start":{},"end":{}}],"line":15},"5":{"loc":{"start":{"line":22,"column":6},"end":{"line":22,"column":40}},"type":"if","locations":[{"start":{"line":22,"column":6},"end":{"line":22,"column":40}},{"start":{},"end":{}}],"line":22},"6":{"loc":{"start":{"line":31,"column":2},"end":{"line":31,"column":66}},"type":"if","locations":[{"start":{"line":31,"column":2},"end":{"line":31,"column":66}},{"start":{},"end":{}}],"line":31},"7":{"loc":{"start":{"line":39,"column":86},"end":{"line":39,"column":100}},"type":"binary-expr","locations":[{"start":{"line":39,"column":86},"end":{"line":39,"column":94}},{"start":{"line":39,"column":98},"end":{"line":39,"column":100}}],"line":39},"8":{"loc":{"start":{"line":40,"column":2},"end":{"line":42,"column":3}},"type":"if","locations":[{"start":{"line":40,"column":2},"end":{"line":42,"column":3}},{"start":{},"end":{}}],"line":40},"9":{"loc":{"start":{"line":40,"column":6},"end":{"line":40,"column":120}},"type":"binary-expr","locations":[{"start":{"line":40,"column":6},"end":{"line":40,"column":15}},{"start":{"line":40,"column":19},"end":{"line":40,"column":31}},{"start":{"line":40,"column":35},"end":{"line":40,"column":48}},{"start":{"line":40,"column":52},"end":{"line":40,"column":63}},{"start":{"line":40,"column":67},"end":{"line":40,"column":93}},{"start":{"line":40,"column":97},"end":{"line":40,"column":120}}],"line":40},"10":{"loc":{"start":{"line":43,"column":2},"end":{"line":45,"column":3}},"type":"if","locations":[{"start":{"line":43,"column":2},"end":{"line":45,"column":3}},{"start":{},"end":{}}],"line":43},"11":{"loc":{"start":{"line":43,"column":6},"end":{"line":43,"column":59}},"type":"binary-expr","locations":[{"start":{"line":43,"column":6},"end":{"line":43,"column":32}},{"start":{"line":43,"column":36},"end":{"line":43,"column":59}}],"line":43},"12":{"loc":{"start":{"line":52,"column":20},"end":{"line":52,"column":56}},"type":"binary-expr","locations":[{"start":{"line":52,"column":20},"end":{"line":52,"column":36}},{"start":{"line":52,"column":40},"end":{"line":52,"column":56}}],"line":52},"13":{"loc":{"start":{"line":55,"column":13},"end":{"line":55,"column":42}},"type":"binary-expr","locations":[{"start":{"line":55,"column":13},"end":{"line":55,"column":22}},{"start":{"line":55,"column":26},"end":{"line":55,"column":42}}],"line":55},"14":{"loc":{"start":{"line":60,"column":4},"end":{"line":63,"column":5}},"type":"if","locations":[{"start":{"line":60,"column":4},"end":{"line":63,"column":5}},{"start":{},"end":{}}],"line":60},"15":{"loc":{"start":{"line":61,"column":6},"end":{"line":61,"column":64}},"type":"if","locations":[{"start":{"line":61,"column":6},"end":{"line":61,"column":64}},{"start":{},"end":{}}],"line":61},"16":{"loc":{"start":{"line":66,"column":42},"end":{"line":66,"column":74}},"type":"cond-expr","locations":[{"start":{"line":66,"column":57},"end":{"line":66,"column":61}},{"start":{"line":66,"column":64},"end":{"line":66,"column":74}}],"line":66},"17":{"loc":{"start":{"line":71,"column":15},"end":{"line":71,"column":43}},"type":"binary-expr","locations":[{"start":{"line":71,"column":15},"end":{"line":71,"column":37}},{"start":{"line":71,"column":41},"end":{"line":71,"column":43}}],"line":71},"18":{"loc":{"start":{"line":76,"column":17},"end":{"line":76,"column":41}},"type":"binary-expr","locations":[{"start":{"line":76,"column":17},"end":{"line":76,"column":33}},{"start":{"line":76,"column":37},"end":{"line":76,"column":41}}],"line":76},"19":{"loc":{"start":{"line":77,"column":13},"end":{"line":77,"column":34}},"type":"binary-expr","locations":[{"start":{"line":77,"column":13},"end":{"line":77,"column":25}},{"start":{"line":77,"column":29},"end":{"line":77,"column":34}}],"line":77},"20":{"loc":{"start":{"line":87,"column":12},"end":{"line":87,"column":29}},"type":"binary-expr","locations":[{"start":{"line":87,"column":12},"end":{"line":87,"column":18}},{"start":{"line":87,"column":22},"end":{"line":87,"column":29}}],"line":87},"21":{"loc":{"start":{"line":102,"column":21},"end":{"line":102,"column":36}},"type":"binary-expr","locations":[{"start":{"line":102,"column":21},"end":{"line":102,"column":30}},{"start":{"line":102,"column":34},"end":{"line":102,"column":36}}],"line":102},"22":{"loc":{"start":{"line":103,"column":2},"end":{"line":132,"column":3}},"type":"if","locations":[{"start":{"line":103,"column":2},"end":{"line":132,"column":3}},{"start":{},"end":{}}],"line":103},"23":{"loc":{"start":{"line":105,"column":4},"end":{"line":105,"column":68}},"type":"if","locations":[{"start":{"line":105,"column":4},"end":{"line":105,"column":68}},{"start":{},"end":{}}],"line":105},"24":{"loc":{"start":{"line":108,"column":17},"end":{"line":108,"column":45}},"type":"binary-expr","locations":[{"start":{"line":108,"column":17},"end":{"line":108,"column":39}},{"start":{"line":108,"column":43},"end":{"line":108,"column":45}}],"line":108},"25":{"loc":{"start":{"line":109,"column":30},"end":{"line":109,"column":139}},"type":"cond-expr","locations":[{"start":{"line":109,"column":64},"end":{"line":109,"column":65}},{"start":{"line":109,"column":69},"end":{"line":109,"column":138}}],"line":109},"26":{"loc":{"start":{"line":109,"column":78},"end":{"line":109,"column":133}},"type":"binary-expr","locations":[{"start":{"line":109,"column":78},"end":{"line":109,"column":107}},{"start":{"line":109,"column":111},"end":{"line":109,"column":133}}],"line":109},"27":{"loc":{"start":{"line":112,"column":6},"end":{"line":117,"column":7}},"type":"if","locations":[{"start":{"line":112,"column":6},"end":{"line":117,"column":7}},{"start":{},"end":{}}],"line":112},"28":{"loc":{"start":{"line":114,"column":8},"end":{"line":116,"column":9}},"type":"if","locations":[{"start":{"line":114,"column":8},"end":{"line":116,"column":9}},{"start":{},"end":{}}],"line":114},"29":{"loc":{"start":{"line":122,"column":4},"end":{"line":130,"column":5}},"type":"if","locations":[{"start":{"line":122,"column":4},"end":{"line":130,"column":5}},{"start":{},"end":{}}],"line":122},"30":{"loc":{"start":{"line":123,"column":6},"end":{"line":129,"column":7}},"type":"if","locations":[{"start":{"line":123,"column":6},"end":{"line":129,"column":7}},{"start":{"line":125,"column":13},"end":{"line":129,"column":7}}],"line":123},"31":{"loc":{"start":{"line":124,"column":38},"end":{"line":124,"column":89}},"type":"binary-expr","locations":[{"start":{"line":124,"column":38},"end":{"line":124,"column":61}},{"start":{"line":124,"column":65},"end":{"line":124,"column":89}}],"line":124},"32":{"loc":{"start":{"line":125,"column":13},"end":{"line":129,"column":7}},"type":"if","locations":[{"start":{"line":125,"column":13},"end":{"line":129,"column":7}},{"start":{"line":127,"column":13},"end":{"line":129,"column":7}}],"line":125},"33":{"loc":{"start":{"line":142,"column":17},"end":{"line":142,"column":82}},"type":"cond-expr","locations":[{"start":{"line":142,"column":27},"end":{"line":142,"column":70}},{"start":{"line":142,"column":74},"end":{"line":142,"column":82}}],"line":142},"34":{"loc":{"start":{"line":142,"column":27},"end":{"line":142,"column":70}},"type":"cond-expr","locations":[{"start":{"line":142,"column":57},"end":{"line":142,"column":65}},{"start":{"line":142,"column":68},"end":{"line":142,"column":70}}],"line":142},"35":{"loc":{"start":{"line":149,"column":2},"end":{"line":158,"column":3}},"type":"if","locations":[{"start":{"line":149,"column":2},"end":{"line":158,"column":3}},{"start":{},"end":{}}],"line":149},"36":{"loc":{"start":{"line":151,"column":4},"end":{"line":151,"column":68}},"type":"if","locations":[{"start":{"line":151,"column":4},"end":{"line":151,"column":68}},{"start":{},"end":{}}],"line":151},"37":{"loc":{"start":{"line":154,"column":19},"end":{"line":154,"column":47}},"type":"binary-expr","locations":[{"start":{"line":154,"column":19},"end":{"line":154,"column":41}},{"start":{"line":154,"column":45},"end":{"line":154,"column":47}}],"line":154},"38":{"loc":{"start":{"line":156,"column":4},"end":{"line":156,"column":74}},"type":"if","locations":[{"start":{"line":156,"column":4},"end":{"line":156,"column":74}},{"start":{},"end":{}}],"line":156},"39":{"loc":{"start":{"line":159,"column":2},"end":{"line":161,"column":3}},"type":"if","locations":[{"start":{"line":159,"column":2},"end":{"line":161,"column":3}},{"start":{},"end":{}}],"line":159},"40":{"loc":{"start":{"line":176,"column":2},"end":{"line":178,"column":3}},"type":"if","locations":[{"start":{"line":176,"column":2},"end":{"line":178,"column":3}},{"start":{},"end":{}}],"line":176},"41":{"loc":{"start":{"line":182,"column":15},"end":{"line":182,"column":69}},"type":"binary-expr","locations":[{"start":{"line":182,"column":15},"end":{"line":182,"column":41}},{"start":{"line":182,"column":45},"end":{"line":182,"column":69}}],"line":182},"42":{"loc":{"start":{"line":183,"column":18},"end":{"line":183,"column":72}},"type":"cond-expr","locations":[{"start":{"line":183,"column":40},"end":{"line":183,"column":44}},{"start":{"line":183,"column":47},"end":{"line":183,"column":72}}],"line":183},"43":{"loc":{"start":{"line":184,"column":2},"end":{"line":186,"column":3}},"type":"if","locations":[{"start":{"line":184,"column":2},"end":{"line":186,"column":3}},{"start":{},"end":{}}],"line":184},"44":{"loc":{"start":{"line":187,"column":15},"end":{"line":187,"column":43}},"type":"binary-expr","locations":[{"start":{"line":187,"column":15},"end":{"line":187,"column":37}},{"start":{"line":187,"column":41},"end":{"line":187,"column":43}}],"line":187},"45":{"loc":{"start":{"line":189,"column":2},"end":{"line":191,"column":3}},"type":"if","locations":[{"start":{"line":189,"column":2},"end":{"line":191,"column":3}},{"start":{},"end":{}}],"line":189},"46":{"loc":{"start":{"line":193,"column":2},"end":{"line":195,"column":3}},"type":"if","locations":[{"start":{"line":193,"column":2},"end":{"line":195,"column":3}},{"start":{},"end":{}}],"line":193},"47":{"loc":{"start":{"line":206,"column":15},"end":{"line":206,"column":43}},"type":"binary-expr","locations":[{"start":{"line":206,"column":15},"end":{"line":206,"column":37}},{"start":{"line":206,"column":41},"end":{"line":206,"column":43}}],"line":206},"48":{"loc":{"start":{"line":208,"column":2},"end":{"line":211,"column":3}},"type":"if","locations":[{"start":{"line":208,"column":2},"end":{"line":211,"column":3}},{"start":{},"end":{}}],"line":208},"49":{"loc":{"start":{"line":209,"column":4},"end":{"line":209,"column":116}},"type":"if","locations":[{"start":{"line":209,"column":4},"end":{"line":209,"column":116}},{"start":{},"end":{}}],"line":209},"50":{"loc":{"start":{"line":220,"column":2},"end":{"line":220,"column":31}},"type":"if","locations":[{"start":{"line":220,"column":2},"end":{"line":220,"column":31}},{"start":{},"end":{}}],"line":220}},"s":{"0":3,"1":3,"2":3,"3":3,"4":3,"5":12,"6":1,"7":11,"8":11,"9":0,"10":11,"11":11,"12":0,"13":11,"14":11,"15":0,"16":0,"17":0,"18":0,"19":0,"20":0,"21":0,"22":0,"23":0,"24":10,"25":10,"26":10,"27":1,"28":9,"29":9,"30":9,"31":3,"32":8,"33":8,"34":8,"35":1,"36":7,"37":1,"38":6,"39":6,"40":6,"41":6,"42":6,"43":6,"44":60,"45":60,"46":6,"47":6,"48":6,"49":6,"50":6,"51":6,"52":6,"53":60,"54":60,"55":60,"56":96,"57":96,"58":6,"59":0,"60":0,"61":0,"62":0,"63":6,"64":6,"65":6,"66":6,"67":6,"68":6,"69":6,"70":6,"71":6,"72":6,"73":6,"74":6,"75":6,"76":6,"77":3,"78":1,"79":1,"80":1,"81":1,"82":1,"83":0,"84":1,"85":1,"86":1,"87":1,"88":1,"89":1,"90":2,"91":1,"92":1,"93":0,"94":2,"95":1,"96":1,"97":1,"98":1,"99":0,"100":0,"101":1,"102":1,"103":2,"104":0,"105":0,"106":1,"107":0,"108":0,"109":0,"110":3,"111":1,"112":1,"113":1,"114":1,"115":1,"116":0,"117":1,"118":1,"119":1,"120":1,"121":1,"122":1,"123":0,"124":1,"125":0,"126":0,"127":0,"128":0,"129":3,"130":5,"131":5,"132":1,"133":4,"134":4,"135":4,"136":4,"137":4,"138":4,"139":1,"140":3,"141":3,"142":12,"143":3,"144":0,"145":3,"146":3,"147":0,"148":3,"149":3,"150":3,"151":3,"152":3,"153":1,"154":1,"155":1,"156":1,"157":1,"158":2,"159":1,"160":0,"161":0,"162":0,"163":1,"164":1,"165":1,"166":3,"167":13,"168":13,"169":13,"170":0},"f":{"0":12,"1":10,"2":8,"3":6,"4":6,"5":6,"6":6,"7":6,"8":1,"9":2,"10":0,"11":2,"12":0,"13":1,"14":1,"15":5,"16":12,"17":1,"18":2,"19":13},"b":{"0":[1,11],"1":[0,11],"2":[0,11],"3":[11,0],"4":[0,0],"5":[0,0],"6":[1,9],"7":[8,0],"8":[1,7],"9":[8,8,7,7,7,7],"10":[1,6],"11":[7,7],"12":[66,60],"13":[156,96],"14":[0,6],"15":[0,0],"16":[0,6],"17":[6,1],"18":[6,0],"19":[6,0],"20":[6,0],"21":[1,0],"22":[1,0],"23":[0,1],"24":[1,0],"25":[0,1],"26":[1,1],"27":[1,1],"28":[0,1],"29":[1,0],"30":[0,1],"31":[0,0],"32":[1,0],"33":[0,0],"34":[0,0],"35":[1,0],"36":[0,1],"37":[1,0],"38":[0,1],"39":[0,0],"40":[1,4],"41":[4,1],"42":[3,1],"43":[1,3],"44":[3,0],"45":[0,3],"46":[0,3],"47":[1,0],"48":[0,1],"49":[0,0],"50":[13,0]},"_coverageSchema":"1a1c01bbd47fc00a2c39e90264f33305004495a9","hash":"4970555ca350dc46de3ae2c2898139e43df1cc0e"}
,"D:\\HW\\CS3601\\CS3604\\Ticket_Management\\backend\\src\\routes\\seats.js": {"path":"D:\\HW\\CS3601\\CS3604\\Ticket_Management\\backend\\src\\routes\\seats.js","statementMap":{"0":{"start":{"line":1,"column":16},"end":{"line":1,"column":34}},"1":{"start":{"line":2,"column":15},"end":{"line":2,"column":31}},"2":{"start":{"line":4,"column":0},"end":{"line":29,"column":3}},"3":{"start":{"line":5,"column":48},"end":{"line":5,"column":57}},"4":{"start":{"line":6,"column":22},"end":{"line":6,"column":51}},"5":{"start":{"line":9,"column":16},"end":{"line":9,"column":18}},"6":{"start":{"line":10,"column":18},"end":{"line":10,"column":43}},"7":{"start":{"line":11,"column":15},"end":{"line":11,"column":17}},"8":{"start":{"line":13,"column":2},"end":{"line":26,"column":3}},"9":{"start":{"line":13,"column":17},"end":{"line":13,"column":18}},"10":{"start":{"line":14,"column":4},"end":{"line":25,"column":5}},"11":{"start":{"line":16,"column":25},"end":{"line":16,"column":44}},"12":{"start":{"line":18,"column":6},"end":{"line":24,"column":9}},"13":{"start":{"line":28,"column":2},"end":{"line":28,"column":70}},"14":{"start":{"line":31,"column":0},"end":{"line":40,"column":3}},"15":{"start":{"line":32,"column":43},"end":{"line":32,"column":57}},"16":{"start":{"line":33,"column":16},"end":{"line":38,"column":5}},"17":{"start":{"line":33,"column":67},"end":{"line":38,"column":3}},"18":{"start":{"line":39,"column":2},"end":{"line":39,"column":22}},"19":{"start":{"line":42,"column":0},"end":{"line":42,"column":24}}},"fnMap":{"0":{"name":"(anonymous_0)","decl":{"start":{"line":4,"column":19},"end":{"line":4,"column":20}},"loc":{"start":{"line":4,"column":33},"end":{"line":29,"column":1}},"line":4},"1":{"name":"(anonymous_1)","decl":{"start":{"line":31,"column":21},"end":{"line":31,"column":22}},"loc":{"start":{"line":31,"column":35},"end":{"line":40,"column":1}},"line":31},"2":{"name":"(anonymous_2)","decl":{"start":{"line":33,"column":56},"end":{"line":33,"column":57}},"loc":{"start":{"line":33,"column":67},"end":{"line":38,"column":3}},"line":33}},"branchMap":{"0":{"loc":{"start":{"line":6,"column":22},"end":{"line":6,"column":51}},"type":"binary-expr","locations":[{"start":{"line":6,"column":22},"end":{"line":6,"column":43}},{"start":{"line":6,"column":47},"end":{"line":6,"column":51}}],"line":6},"1":{"loc":{"start":{"line":22,"column":16},"end":{"line":22,"column":42}},"type":"binary-expr","locations":[{"start":{"line":22,"column":16},"end":{"line":22,"column":27}},{"start":{"line":22,"column":31},"end":{"line":22,"column":42}}],"line":22},"2":{"loc":{"start":{"line":32,"column":43},"end":{"line":32,"column":57}},"type":"binary-expr","locations":[{"start":{"line":32,"column":43},"end":{"line":32,"column":51}},{"start":{"line":32,"column":55},"end":{"line":32,"column":57}}],"line":32},"3":{"loc":{"start":{"line":33,"column":17},"end":{"line":33,"column":50}},"type":"cond-expr","locations":[{"start":{"line":33,"column":40},"end":{"line":33,"column":45}},{"start":{"line":33,"column":48},"end":{"line":33,"column":50}}],"line":33},"4":{"loc":{"start":{"line":36,"column":17},"end":{"line":36,"column":38}},"type":"binary-expr","locations":[{"start":{"line":36,"column":17},"end":{"line":36,"column":30}},{"start":{"line":36,"column":34},"end":{"line":36,"column":38}}],"line":36},"5":{"loc":{"start":{"line":37,"column":13},"end":{"line":37,"column":31}},"type":"binary-expr","locations":[{"start":{"line":37,"column":13},"end":{"line":37,"column":22}},{"start":{"line":37,"column":26},"end":{"line":37,"column":31}}],"line":37}},"s":{"0":3,"1":3,"2":3,"3":1,"4":1,"5":1,"6":1,"7":1,"8":1,"9":1,"10":20,"11":100,"12":100,"13":1,"14":3,"15":2,"16":2,"17":3,"18":2,"19":3},"f":{"0":1,"1":2,"2":3},"b":{"0":[1,0],"1":[100,80],"2":[2,0],"3":[2,0],"4":[3,1],"5":[3,1]},"_coverageSchema":"1a1c01bbd47fc00a2c39e90264f33305004495a9","hash":"3c5ce1fdb63e60db0b564d27c19d36e2d857fc89"}
}
