TN:
SF:src\app.js
FN:17,(anonymous_0)
FNF:1
FNH:0
FNDA:0,(anonymous_0)
DA:1,3
DA:2,3
DA:3,3
DA:4,3
DA:5,3
DA:6,3
DA:8,3
DA:9,3
DA:10,3
DA:12,3
DA:13,3
DA:14,3
DA:17,3
DA:18,0
DA:19,0
DA:22,0
DA:23,0
DA:30,3
LF:18
LH:14
BRDA:18,0,0,0
BRDA:18,0,1,0
BRDA:19,1,0,0
BRDA:19,1,1,0
BRF:4
BRH:0
end_of_record
TN:
SF:src\routes\contacts.js
FN:4,(anonymous_0)
FNF:1
FNH:1
FNDA:1,(anonymous_0)
DA:1,3
DA:2,3
DA:4,3
DA:5,1
DA:14,1
DA:17,3
LF:6
LH:6
BRF:0
BRH:0
end_of_record
TN:
SF:src\routes\orders.js
FN:7,verifySession
FN:28,requireAuth
FN:37,(anonymous_2)
FN:48,encodeTime
FN:49,encodeRandom
FN:66,ulid
FN:74,(anonymous_6)
FN:85,(anonymous_7)
FN:100,(anonymous_8)
FN:111,(anonymous_9)
FN:124,(anonymous_10)
FN:126,(anonymous_11)
FN:128,(anonymous_12)
FN:146,(anonymous_13)
FN:155,(anonymous_14)
FN:174,(anonymous_15)
FN:188,(anonymous_16)
FN:202,(anonymous_17)
FN:207,(anonymous_18)
FN:218,identityKeyFromToken
FNF:20
FNH:18
FNDA:12,verifySession
FNDA:10,requireAuth
FNDA:8,(anonymous_2)
FNDA:6,encodeTime
FNDA:6,encodeRandom
FNDA:6,ulid
FNDA:6,(anonymous_6)
FNDA:6,(anonymous_7)
FNDA:1,(anonymous_8)
FNDA:2,(anonymous_9)
FNDA:0,(anonymous_10)
FNDA:2,(anonymous_11)
FNDA:0,(anonymous_12)
FNDA:1,(anonymous_13)
FNDA:1,(anonymous_14)
FNDA:5,(anonymous_15)
FNDA:12,(anonymous_16)
FNDA:1,(anonymous_17)
FNDA:2,(anonymous_18)
FNDA:13,identityKeyFromToken
DA:1,3
DA:2,3
DA:3,3
DA:4,3
DA:5,3
DA:8,12
DA:9,11
DA:10,11
DA:11,11
DA:12,11
DA:14,11
DA:15,0
DA:16,0
DA:17,0
DA:18,0
DA:19,0
DA:22,0
DA:25,0
DA:29,10
DA:30,10
DA:31,10
DA:32,9
DA:33,9
DA:34,9
DA:37,3
DA:38,8
DA:39,8
DA:40,8
DA:41,1
DA:43,7
DA:44,1
DA:46,6
DA:47,6
DA:48,60
DA:50,6
DA:51,6
DA:52,6
DA:53,60
DA:54,60
DA:55,60
DA:56,96
DA:57,96
DA:60,6
DA:61,0
DA:62,0
DA:64,6
DA:66,6
DA:67,6
DA:68,6
DA:69,6
DA:70,6
DA:71,6
DA:74,6
DA:79,6
DA:81,6
DA:85,6
DA:96,6
DA:97,6
DA:100,3
DA:101,1
DA:102,1
DA:103,1
DA:104,1
DA:105,1
DA:106,1
DA:107,1
DA:108,1
DA:109,1
DA:110,1
DA:111,1
DA:112,2
DA:113,1
DA:114,1
DA:115,0
DA:118,2
DA:120,1
DA:121,1
DA:122,1
DA:123,1
DA:124,0
DA:125,1
DA:126,2
DA:128,0
DA:131,1
DA:133,0
DA:142,0
DA:143,0
DA:146,3
DA:147,1
DA:148,1
DA:149,1
DA:150,1
DA:151,1
DA:152,1
DA:153,1
DA:154,1
DA:155,1
DA:156,1
DA:157,1
DA:159,0
DA:160,0
DA:162,0
DA:171,0
DA:174,3
DA:175,5
DA:176,5
DA:177,1
DA:179,4
DA:180,4
DA:181,4
DA:182,4
DA:183,4
DA:184,4
DA:185,1
DA:187,3
DA:188,12
DA:189,3
DA:190,0
DA:192,3
DA:193,3
DA:194,0
DA:196,3
DA:197,3
DA:198,3
DA:199,3
DA:202,3
DA:203,1
DA:204,1
DA:205,1
DA:206,1
DA:207,2
DA:208,1
DA:209,0
DA:210,0
DA:212,1
DA:213,1
DA:214,1
DA:217,3
DA:219,13
DA:220,13
DA:221,0
LF:141
LH:117
BRDA:8,0,0,1
BRDA:8,0,1,11
BRDA:10,1,0,0
BRDA:10,1,1,11
BRDA:12,2,0,0
BRDA:12,2,1,11
BRDA:14,3,0,11
BRDA:14,3,1,0
BRDA:15,4,0,0
BRDA:15,4,1,0
BRDA:22,5,0,0
BRDA:22,5,1,0
BRDA:31,6,0,1
BRDA:31,6,1,9
BRDA:39,7,0,8
BRDA:39,7,1,0
BRDA:40,8,0,1
BRDA:40,8,1,7
BRDA:40,9,0,8
BRDA:40,9,1,8
BRDA:40,9,2,7
BRDA:40,9,3,7
BRDA:40,9,4,7
BRDA:40,9,5,7
BRDA:43,10,0,1
BRDA:43,10,1,6
BRDA:43,11,0,7
BRDA:43,11,1,7
BRDA:52,12,0,66
BRDA:52,12,1,60
BRDA:55,13,0,156
BRDA:55,13,1,96
BRDA:60,14,0,0
BRDA:60,14,1,6
BRDA:61,15,0,0
BRDA:61,15,1,0
BRDA:66,16,0,0
BRDA:66,16,1,6
BRDA:71,17,0,6
BRDA:71,17,1,1
BRDA:76,18,0,6
BRDA:76,18,1,0
BRDA:77,19,0,6
BRDA:77,19,1,0
BRDA:87,20,0,6
BRDA:87,20,1,0
BRDA:102,21,0,1
BRDA:102,21,1,0
BRDA:103,22,0,1
BRDA:103,22,1,0
BRDA:105,23,0,0
BRDA:105,23,1,1
BRDA:108,24,0,1
BRDA:108,24,1,0
BRDA:109,25,0,0
BRDA:109,25,1,1
BRDA:109,26,0,1
BRDA:109,26,1,1
BRDA:112,27,0,1
BRDA:112,27,1,1
BRDA:114,28,0,0
BRDA:114,28,1,1
BRDA:122,29,0,1
BRDA:122,29,1,0
BRDA:123,30,0,0
BRDA:123,30,1,1
BRDA:124,31,0,0
BRDA:124,31,1,0
BRDA:125,32,0,1
BRDA:125,32,1,0
BRDA:142,33,0,0
BRDA:142,33,1,0
BRDA:142,34,0,0
BRDA:142,34,1,0
BRDA:149,35,0,1
BRDA:149,35,1,0
BRDA:151,36,0,0
BRDA:151,36,1,1
BRDA:154,37,0,1
BRDA:154,37,1,0
BRDA:156,38,0,0
BRDA:156,38,1,1
BRDA:159,39,0,0
BRDA:159,39,1,0
BRDA:176,40,0,1
BRDA:176,40,1,4
BRDA:182,41,0,4
BRDA:182,41,1,1
BRDA:183,42,0,3
BRDA:183,42,1,1
BRDA:184,43,0,1
BRDA:184,43,1,3
BRDA:187,44,0,3
BRDA:187,44,1,0
BRDA:189,45,0,0
BRDA:189,45,1,3
BRDA:193,46,0,0
BRDA:193,46,1,3
BRDA:206,47,0,1
BRDA:206,47,1,0
BRDA:208,48,0,0
BRDA:208,48,1,1
BRDA:209,49,0,0
BRDA:209,49,1,0
BRDA:220,50,0,13
BRDA:220,50,1,0
BRF:106
BRH:62
end_of_record
TN:
SF:src\routes\seats.js
FN:4,(anonymous_0)
FN:31,(anonymous_1)
FN:33,(anonymous_2)
FNF:3
FNH:3
FNDA:1,(anonymous_0)
FNDA:2,(anonymous_1)
FNDA:3,(anonymous_2)
DA:1,3
DA:2,3
DA:4,3
DA:5,1
DA:6,1
DA:9,1
DA:10,1
DA:11,1
DA:13,1
DA:14,20
DA:16,100
DA:18,100
DA:28,1
DA:31,3
DA:32,2
DA:33,3
DA:39,2
DA:42,3
LF:18
LH:18
BRDA:6,0,0,1
BRDA:6,0,1,0
BRDA:22,1,0,100
BRDA:22,1,1,80
BRDA:32,2,0,2
BRDA:32,2,1,0
BRDA:33,3,0,2
BRDA:33,3,1,0
BRDA:36,4,0,3
BRDA:36,4,1,1
BRDA:37,5,0,3
BRDA:37,5,1,1
BRF:12
BRH:9
end_of_record
